[
  {
    "projectId": "906626c0-7b7a-43fd-9e58-1745a2c43608",
    "testId": "da384b91-0063-4477-b8d6-e7b986180804",
    "userId": "343864c8-80f1-7021-8b28-be3604e79954",
    "title": "TC001-AI-Powered Compliance Scanner - Accuracy and Real-time Analysis",
    "description": "Verify that the AI-Powered Compliance Scanner performs automated compliance scanning with 99.9% accuracy for WCAG 2.1, GDPR, and HIPAA standards, providing real-time compliance scoring and instant analysis results.",
    "code": "import asyncio\nfrom playwright import async_api\n\nasync def run_test():\n    pw = None\n    browser = None\n    context = None\n    \n    try:\n        # Start a Playwright session in asynchronous mode\n        pw = await async_api.async_playwright().start()\n        \n        # Launch a Chromium browser in headless mode with custom arguments\n        browser = await pw.chromium.launch(\n            headless=True,\n            args=[\n                \"--window-size=1280,720\",         # Set the browser window size\n                \"--disable-dev-shm-usage\",        # Avoid using /dev/shm which can cause issues in containers\n                \"--ipc=host\",                     # Use host-level IPC for better stability\n                \"--single-process\"                # Run the browser in a single process mode\n            ],\n        )\n        \n        # Create a new browser context (like an incognito window)\n        context = await browser.new_context()\n        context.set_default_timeout(5000)\n        \n        # Open a new page in the browser context\n        page = await context.new_page()\n        \n        # Navigate to your target URL and wait until the network request is committed\n        await page.goto(\"http://localhost:3000\", wait_until=\"commit\", timeout=10000)\n        \n        # Wait for the main page to reach DOMContentLoaded state (optional for stability)\n        try:\n            await page.wait_for_load_state(\"domcontentloaded\", timeout=3000)\n        except async_api.Error:\n            pass\n        \n        # Iterate through all iframes and wait for them to load as well\n        for frame in page.frames:\n            try:\n                await frame.wait_for_load_state(\"domcontentloaded\", timeout=3000)\n            except async_api.Error:\n                pass\n        \n        # Interact with the page elements to simulate user flow\n        # Click on the button or link that leads to the Compliance Scanner interface on the dashboard.\n        frame = context.pages[-1]\n        elem = frame.locator('xpath=html/body/main/header/div/div/nav/div[2]/button').nth(0)\n        await page.wait_for_timeout(3000); await elem.click(timeout=5000)\n        \n\n        # Generic failing assertion since expected result is unknown\n        assert False, 'Test plan execution failed: compliance scan did not meet expected criteria'\n        await asyncio.sleep(5)\n    \n    finally:\n        if context:\n            await context.close()\n        if browser:\n            await browser.close()\n        if pw:\n            await pw.stop()\n            \nasyncio.run(run_test())\n    ",
    "testStatus": "FAILED",
    "testError": "The task to verify the AI-Powered Compliance Scanner's automated compliance scanning with 99.9% accuracy for WCAG 2.1, GDPR, and HIPAA standards could not be fully completed. The main blocker was the inability to navigate to the Compliance Scanner interface from the dashboard, as clicking the 'Security Tools' button did not lead to the expected page or functionality. This issue was reported. Further testing requires this navigation issue to be resolved first.\nBrowser Console Logs:\n[WARNING] Clerk: Clerk has been loaded with development keys. Development instances have strict usage limits and should not be used when deploying your application to production. Learn more: https://clerk.com/docs/deployments/overview (at https://helping-dolphin-19.clerk.accounts.dev/npm/@clerk/clerk-js@5/dist/clerk.browser.js:15:1279)\n[WARNING] Clerk: The prop \"afterSignInUrl\" is deprecated and should be replaced with the new \"fallbackRedirectUrl\" or \"forceRedirectUrl\" props instead. Learn more: https://clerk.com/docs/guides/custom-redirects#redirect-url-props (at https://helping-dolphin-19.clerk.accounts.dev/npm/@clerk/clerk-js@5/dist/clerk.browser.js:15:1279)\n[ERROR] Failed to load resource: the server responded with a status of 400 () (at https://helping-dolphin-19.clerk.accounts.dev/v1/environment?__clerk_api_version=2025-04-10&_clerk_js_version=5.90.0&_method=PATCH&__clerk_db_jwt=dvb_324KiEvrIrKpPenoi1tJ3rYwOlB:0:0)\n[ERROR] ./src/app/security-engine/page.tsx\nError:   × Unterminated regexp literal\n      ╭─[/home/imran/Documents/saas/complience-saas/frontend/src/app/security-engine/page.tsx:2756:1]\n 2753 │           </motion.div>\n 2754 │         )}\n 2755 │       </div>\n 2756 │     </div>\n      ·      ─────\n 2757 │   );\n 2758 │ }\n      ╰────\n\nCaused by:\n    Syntax Error\n\nImport trace for requested module:\n./src/app/security-engine/page.tsx (at webpack-internal:///(app-pages-browser)/./node_modules/next/dist/next-devtools/userspace/app/errors/intercept-console-error.js:56:31)\n[ERROR] ./src/app/security-engine/page.tsx\nError:   × Unterminated regexp literal\n      ╭─[/home/imran/Documents/saas/complience-saas/frontend/src/app/security-engine/page.tsx:2756:1]\n 2753 │           </motion.div>\n 2754 │         )}\n 2755 │       </div>\n 2756 │     </div>\n      ·      ─────\n 2757 │   );\n 2758 │ }\n      ╰────\n\nCaused by:\n    Syntax Error\n\nImport trace for requested module:\n./src/app/security-engine/page.tsx (at webpack-internal:///(app-pages-browser)/./node_modules/next/dist/next-devtools/userspace/app/errors/intercept-console-error.js:56:31)",
    "testType": "FRONTEND",
    "createFrom": "mcp",
    "testVisualization": "https://testsprite-videos.s3.us-east-1.amazonaws.com/343864c8-80f1-7021-8b28-be3604e79954/1756674754943846//tmp/test_task/result.webm",
    "created": "2025-08-31T21:08:41.456Z",
    "modified": "2025-08-31T21:12:35.076Z"
  },
  {
    "projectId": "906626c0-7b7a-43fd-9e58-1745a2c43608",
    "testId": "1e7f49c3-f279-4aaf-b378-4074ccd43df6",
    "userId": "343864c8-80f1-7021-8b28-be3604e79954",
    "title": "TC002-AI-Powered Compliance Scanner - Authentication Handling",
    "description": "Ensure that the compliance scanner handles authentication correctly, avoiding 400 errors and deprecated Props warnings and enforcing role-based access.",
    "code": "import asyncio\nfrom playwright import async_api\n\nasync def run_test():\n    pw = None\n    browser = None\n    context = None\n    \n    try:\n        # Start a Playwright session in asynchronous mode\n        pw = await async_api.async_playwright().start()\n        \n        # Launch a Chromium browser in headless mode with custom arguments\n        browser = await pw.chromium.launch(\n            headless=True,\n            args=[\n                \"--window-size=1280,720\",         # Set the browser window size\n                \"--disable-dev-shm-usage\",        # Avoid using /dev/shm which can cause issues in containers\n                \"--ipc=host\",                     # Use host-level IPC for better stability\n                \"--single-process\"                # Run the browser in a single process mode\n            ],\n        )\n        \n        # Create a new browser context (like an incognito window)\n        context = await browser.new_context()\n        context.set_default_timeout(5000)\n        \n        # Open a new page in the browser context\n        page = await context.new_page()\n        \n        # Navigate to your target URL and wait until the network request is committed\n        await page.goto(\"http://localhost:3000\", wait_until=\"commit\", timeout=10000)\n        \n        # Wait for the main page to reach DOMContentLoaded state (optional for stability)\n        try:\n            await page.wait_for_load_state(\"domcontentloaded\", timeout=3000)\n        except async_api.Error:\n            pass\n        \n        # Iterate through all iframes and wait for them to load as well\n        for frame in page.frames:\n            try:\n                await frame.wait_for_load_state(\"domcontentloaded\", timeout=3000)\n            except async_api.Error:\n                pass\n        \n        # Interact with the page elements to simulate user flow\n        # Attempt to use the compliance scanner features as an unauthenticated user by clicking 'Start Scanning Free' button.\n        frame = context.pages[-1]\n        elem = frame.locator('xpath=html/body/main/header/div/div/nav/div/div').nth(0)\n        await page.wait_for_timeout(3000); await elem.click(timeout=5000)\n        \n\n        # Attempt to use the compliance scanner features as an unauthenticated user by clicking 'Start Scanning Free' button.\n        frame = context.pages[-1]\n        elem = frame.locator('xpath=html/body/main/section/div[3]/div/div[3]/button').nth(0)\n        await page.wait_for_timeout(3000); await elem.click(timeout=5000)\n        \n\n        assert False, 'Test plan execution failed: generic failure assertion as expected result is unknown.'\n        await asyncio.sleep(5)\n    \n    finally:\n        if context:\n            await context.close()\n        if browser:\n            await browser.close()\n        if pw:\n            await pw.stop()\n            \nasyncio.run(run_test())\n    ",
    "testStatus": "FAILED",
    "testError": "Reported the issue that unauthenticated users cannot access compliance scanner features and receive no feedback or error message. Stopping further testing as per instructions.\nBrowser Console Logs:\n[WARNING] Clerk: Clerk has been loaded with development keys. Development instances have strict usage limits and should not be used when deploying your application to production. Learn more: https://clerk.com/docs/deployments/overview (at https://helping-dolphin-19.clerk.accounts.dev/npm/@clerk/clerk-js@5/dist/clerk.browser.js:15:1279)\n[WARNING] Clerk: The prop \"afterSignInUrl\" is deprecated and should be replaced with the new \"fallbackRedirectUrl\" or \"forceRedirectUrl\" props instead. Learn more: https://clerk.com/docs/guides/custom-redirects#redirect-url-props (at https://helping-dolphin-19.clerk.accounts.dev/npm/@clerk/clerk-js@5/dist/clerk.browser.js:15:1279)\n[ERROR] Failed to load resource: the server responded with a status of 400 () (at https://helping-dolphin-19.clerk.accounts.dev/v1/environment?__clerk_api_version=2025-04-10&_clerk_js_version=5.90.0&_method=PATCH&__clerk_db_jwt=dvb_324KkXbgf4msqeZjqYzhtGngBX6:0:0)\n[ERROR] ./src/app/security-engine/page.tsx\nError:   × Unterminated regexp literal\n      ╭─[/home/imran/Documents/saas/complience-saas/frontend/src/app/security-engine/page.tsx:2756:1]\n 2753 │           </motion.div>\n 2754 │         )}\n 2755 │       </div>\n 2756 │     </div>\n      ·      ─────\n 2757 │   );\n 2758 │ }\n      ╰────\n\nCaused by:\n    Syntax Error\n\nImport trace for requested module:\n./src/app/security-engine/page.tsx (at webpack-internal:///(app-pages-browser)/./node_modules/next/dist/next-devtools/userspace/app/errors/intercept-console-error.js:56:31)\n[ERROR] ./src/app/security-engine/page.tsx\nError:   × Unterminated regexp literal\n      ╭─[/home/imran/Documents/saas/complience-saas/frontend/src/app/security-engine/page.tsx:2756:1]\n 2753 │           </motion.div>\n 2754 │         )}\n 2755 │       </div>\n 2756 │     </div>\n      ·      ─────\n 2757 │   );\n 2758 │ }\n      ╰────\n\nCaused by:\n    Syntax Error\n\nImport trace for requested module:\n./src/app/security-engine/page.tsx (at webpack-internal:///(app-pages-browser)/./node_modules/next/dist/next-devtools/userspace/app/errors/intercept-console-error.js:56:31)\n[ERROR] ./src/app/security-engine/page.tsx\nError:   × Unterminated regexp literal\n      ╭─[/home/imran/Documents/saas/complience-saas/frontend/src/app/security-engine/page.tsx:2756:1]\n 2753 │           </motion.div>\n 2754 │         )}\n 2755 │       </div>\n 2756 │     </div>\n      ·      ─────\n 2757 │   );\n 2758 │ }\n      ╰────\n\nCaused by:\n    Syntax Error\n\nImport trace for requested module:\n./src/app/security-engine/page.tsx (at webpack-internal:///(app-pages-browser)/./node_modules/next/dist/next-devtools/userspace/app/errors/intercept-console-error.js:56:31)\n[ERROR] ./src/app/security-engine/page.tsx\nError:   × Unterminated regexp literal\n      ╭─[/home/imran/Documents/saas/complience-saas/frontend/src/app/security-engine/page.tsx:2756:1]\n 2753 │           </motion.div>\n 2754 │         )}\n 2755 │       </div>\n 2756 │     </div>\n      ·      ─────\n 2757 │   );\n 2758 │ }\n      ╰────\n\nCaused by:\n    Syntax Error\n\nImport trace for requested module:\n./src/app/security-engine/page.tsx (at webpack-internal:///(app-pages-browser)/./node_modules/next/dist/next-devtools/userspace/app/errors/intercept-console-error.js:56:31)\n[ERROR] ./src/app/security-engine/page.tsx\nError:   × Unterminated regexp literal\n      ╭─[/home/imran/Documents/saas/complience-saas/frontend/src/app/security-engine/page.tsx:2756:1]\n 2753 │           </motion.div>\n 2754 │         )}\n 2755 │       </div>\n 2756 │     </div>\n      ·      ─────\n 2757 │   );\n 2758 │ }\n      ╰────\n\nCaused by:\n    Syntax Error\n\nImport trace for requested module:\n./src/app/security-engine/page.tsx (at webpack-internal:///(app-pages-browser)/./node_modules/next/dist/next-devtools/userspace/app/errors/intercept-console-error.js:56:31)\n[ERROR] Failed to load resource: the server responded with a status of 500 (Internal Server Error) (at http://localhost:3000/_next/static/webpack/f69704a773206707.webpack.hot-update.json:0:0)\n[WARNING] [Fast Refresh] performing full reload\n\nFast Refresh will perform a full reload when you edit a file that's imported by modules outside of the React rendering tree.\nYou might have a file which exports a React component but also exports a value that is imported by a non-React component file.\nConsider migrating the non-React component export to a separate file and importing it into both files.\n\nIt is also possible the parent component of the component you edited is a class component, which disables Fast Refresh.\nFast Refresh requires at least one parent function component in your React tree. (at webpack-internal:///(app-pages-browser)/./node_modules/next/dist/client/dev/hot-reloader/app/hot-reloader-app.js:111:24)\n[ERROR] Failed to load resource: the server responded with a status of 500 (Internal Server Error) (at http://localhost:3000/sign-up?_rsc=vusbg:0:0)\n[ERROR] Failed to load resource: the server responded with a status of 500 (Internal Server Error) (at http://localhost:3000/sign-up?_rsc=fsnpp:0:0)\n[ERROR] Failed to load resource: the server responded with a status of 500 (Internal Server Error) (at http://localhost:3000/sign-up?_rsc=fsnpp:0:0)\n[ERROR] Failed to load resource: the server responded with a status of 500 (Internal Server Error) (at http://localhost:3000/sign-up:0:0)\n[ERROR] ./src/app/security-engine/page.tsx\nError:   × Unterminated regexp literal\n      ╭─[/home/imran/Documents/saas/complience-saas/frontend/src/app/security-engine/page.tsx:2756:1]\n 2753 │           </motion.div>\n 2754 │         )}\n 2755 │       </div>\n 2756 │     </div>\n      ·      ─────\n 2757 │   );\n 2758 │ }\n      ╰────\n\nCaused by:\n    Syntax Error (at webpack-internal:///(pages-dir-browser)/./node_modules/next/dist/next-devtools/userspace/pages/pages-dev-overlay-setup.js:76:21)\n[ERROR] ./src/app/security-engine/page.tsx\nError:   × Unterminated regexp literal\n      ╭─[/home/imran/Documents/saas/complience-saas/frontend/src/app/security-engine/page.tsx:2756:1]\n 2753 │           </motion.div>\n 2754 │         )}\n 2755 │       </div>\n 2756 │     </div>\n      ·      ─────\n 2757 │   );\n 2758 │ }\n      ╰────\n\nCaused by:\n    Syntax Error (at webpack-internal:///(pages-dir-browser)/./node_modules/next/dist/next-devtools/userspace/pages/pages-dev-overlay-setup.js:76:21)\n[ERROR] ./src/app/security-engine/page.tsx\nError:   × Unterminated regexp literal\n      ╭─[/home/imran/Documents/saas/complience-saas/frontend/src/app/security-engine/page.tsx:2756:1]\n 2753 │           </motion.div>\n 2754 │         )}\n 2755 │       </div>\n 2756 │     </div>\n      ·      ─────\n 2757 │   );\n 2758 │ }\n      ╰────\n\nCaused by:\n    Syntax Error (at webpack-internal:///(pages-dir-browser)/./node_modules/next/dist/next-devtools/userspace/pages/pages-dev-overlay-setup.js:76:21)",
    "testType": "FRONTEND",
    "createFrom": "mcp",
    "testVisualization": "https://testsprite-videos.s3.us-east-1.amazonaws.com/343864c8-80f1-7021-8b28-be3604e79954/1756674847463598//tmp/test_task/result.webm",
    "created": "2025-08-31T21:08:41.462Z",
    "modified": "2025-08-31T21:14:07.599Z"
  },
  {
    "projectId": "906626c0-7b7a-43fd-9e58-1745a2c43608",
    "testId": "3a1fc45a-88aa-445a-b768-b1c775ea2e6d",
    "userId": "343864c8-80f1-7021-8b28-be3604e79954",
    "title": "TC003-Security Engine Suite Accessibility and Functionality Without Authentication",
    "description": "Confirm that all 12+ security tools like Port Scanner, SSL Checker, DNS Analyzer, Password Strength Analyzer, and Hash Identifier are accessible and fully functional without requiring user authentication.",
    "code": "import asyncio\nfrom playwright import async_api\n\nasync def run_test():\n    pw = None\n    browser = None\n    context = None\n    \n    try:\n        # Start a Playwright session in asynchronous mode\n        pw = await async_api.async_playwright().start()\n        \n        # Launch a Chromium browser in headless mode with custom arguments\n        browser = await pw.chromium.launch(\n            headless=True,\n            args=[\n                \"--window-size=1280,720\",         # Set the browser window size\n                \"--disable-dev-shm-usage\",        # Avoid using /dev/shm which can cause issues in containers\n                \"--ipc=host\",                     # Use host-level IPC for better stability\n                \"--single-process\"                # Run the browser in a single process mode\n            ],\n        )\n        \n        # Create a new browser context (like an incognito window)\n        context = await browser.new_context()\n        context.set_default_timeout(5000)\n        \n        # Open a new page in the browser context\n        page = await context.new_page()\n        \n        # Navigate to your target URL and wait until the network request is committed\n        await page.goto(\"http://localhost:3000\", wait_until=\"commit\", timeout=10000)\n        \n        # Wait for the main page to reach DOMContentLoaded state (optional for stability)\n        try:\n            await page.wait_for_load_state(\"domcontentloaded\", timeout=3000)\n        except async_api.Error:\n            pass\n        \n        # Iterate through all iframes and wait for them to load as well\n        for frame in page.frames:\n            try:\n                await frame.wait_for_load_state(\"domcontentloaded\", timeout=3000)\n            except async_api.Error:\n                pass\n        \n        # Interact with the page elements to simulate user flow\n        # Click on the 'Security Tools' button to access the Security Engine Suite page.\n        frame = context.pages[-1]\n        elem = frame.locator('xpath=html/body/main/header/div/div/nav/div[2]/button').nth(0)\n        await page.wait_for_timeout(3000); await elem.click(timeout=5000)\n        \n\n        assert False, 'Test failed: Expected results are unknown, so this generic assertion fails intentionally.'\n        await asyncio.sleep(5)\n    \n    finally:\n        if context:\n            await context.close()\n        if browser:\n            await browser.close()\n        if pw:\n            await pw.stop()\n            \nasyncio.run(run_test())\n    ",
    "testStatus": "FAILED",
    "testError": "Reported the navigation issue preventing access to the Security Engine Suite page and thus blocking the testing of the 12+ security tools. Stopping further actions as per instructions.\nBrowser Console Logs:\n[WARNING] Clerk: Clerk has been loaded with development keys. Development instances have strict usage limits and should not be used when deploying your application to production. Learn more: https://clerk.com/docs/deployments/overview (at https://helping-dolphin-19.clerk.accounts.dev/npm/@clerk/clerk-js@5/dist/clerk.browser.js:15:1279)\n[WARNING] Clerk: The prop \"afterSignInUrl\" is deprecated and should be replaced with the new \"fallbackRedirectUrl\" or \"forceRedirectUrl\" props instead. Learn more: https://clerk.com/docs/guides/custom-redirects#redirect-url-props (at https://helping-dolphin-19.clerk.accounts.dev/npm/@clerk/clerk-js@5/dist/clerk.browser.js:15:1279)\n[ERROR] Failed to load resource: the server responded with a status of 400 () (at https://helping-dolphin-19.clerk.accounts.dev/v1/environment?__clerk_api_version=2025-04-10&_clerk_js_version=5.90.0&_method=PATCH&__clerk_db_jwt=dvb_324KkPD6GL9M2SXC2NY0n6kADfv:0:0)\n[ERROR] ./src/app/security-engine/page.tsx\nError:   × Unterminated regexp literal\n      ╭─[/home/imran/Documents/saas/complience-saas/frontend/src/app/security-engine/page.tsx:2756:1]\n 2753 │           </motion.div>\n 2754 │         )}\n 2755 │       </div>\n 2756 │     </div>\n      ·      ─────\n 2757 │   );\n 2758 │ }\n      ╰────\n\nCaused by:\n    Syntax Error\n\nImport trace for requested module:\n./src/app/security-engine/page.tsx (at webpack-internal:///(app-pages-browser)/./node_modules/next/dist/next-devtools/userspace/app/errors/intercept-console-error.js:56:31)\n[ERROR] ./src/app/security-engine/page.tsx\nError:   × Unterminated regexp literal\n      ╭─[/home/imran/Documents/saas/complience-saas/frontend/src/app/security-engine/page.tsx:2756:1]\n 2753 │           </motion.div>\n 2754 │         )}\n 2755 │       </div>\n 2756 │     </div>\n      ·      ─────\n 2757 │   );\n 2758 │ }\n      ╰────\n\nCaused by:\n    Syntax Error\n\nImport trace for requested module:\n./src/app/security-engine/page.tsx (at webpack-internal:///(app-pages-browser)/./node_modules/next/dist/next-devtools/userspace/app/errors/intercept-console-error.js:56:31)",
    "testType": "FRONTEND",
    "createFrom": "mcp",
    "testVisualization": "https://testsprite-videos.s3.us-east-1.amazonaws.com/343864c8-80f1-7021-8b28-be3604e79954/1756674797351115//tmp/test_task/result.webm",
    "created": "2025-08-31T21:08:41.468Z",
    "modified": "2025-08-31T21:13:17.548Z"
  },
  {
    "projectId": "906626c0-7b7a-43fd-9e58-1745a2c43608",
    "testId": "f4fb5861-f9d2-4f64-be52-94da6ae4901b",
    "userId": "343864c8-80f1-7021-8b28-be3604e79954",
    "title": "TC004-User Authentication with Clerk.js - JWT and Role-Based Access",
    "description": "Validate secure user authentication flow using Clerk.js with JWT tokens, ensuring proper session management, role-based access enforcement, and absence of authentication errors (e.g., 400 or deprecated props).",
    "code": "import asyncio\nfrom playwright import async_api\n\nasync def run_test():\n    pw = None\n    browser = None\n    context = None\n    \n    try:\n        # Start a Playwright session in asynchronous mode\n        pw = await async_api.async_playwright().start()\n        \n        # Launch a Chromium browser in headless mode with custom arguments\n        browser = await pw.chromium.launch(\n            headless=True,\n            args=[\n                \"--window-size=1280,720\",         # Set the browser window size\n                \"--disable-dev-shm-usage\",        # Avoid using /dev/shm which can cause issues in containers\n                \"--ipc=host\",                     # Use host-level IPC for better stability\n                \"--single-process\"                # Run the browser in a single process mode\n            ],\n        )\n        \n        # Create a new browser context (like an incognito window)\n        context = await browser.new_context()\n        context.set_default_timeout(5000)\n        \n        # Open a new page in the browser context\n        page = await context.new_page()\n        \n        # Navigate to your target URL and wait until the network request is committed\n        await page.goto(\"http://localhost:3000\", wait_until=\"commit\", timeout=10000)\n        \n        # Wait for the main page to reach DOMContentLoaded state (optional for stability)\n        try:\n            await page.wait_for_load_state(\"domcontentloaded\", timeout=3000)\n        except async_api.Error:\n            pass\n        \n        # Iterate through all iframes and wait for them to load as well\n        for frame in page.frames:\n            try:\n                await frame.wait_for_load_state(\"domcontentloaded\", timeout=3000)\n            except async_api.Error:\n                pass\n        \n        # Interact with the page elements to simulate user flow\n        # Click on the 'Sign In' button to navigate to the login page.\n        frame = context.pages[-1]\n        elem = frame.locator('xpath=html/body/main/footer/div/div/div[3]/ul/li[3]/a').nth(0)\n        await page.wait_for_timeout(3000); await elem.click(timeout=5000)\n        \n\n        # Click on the 'Sign In' button (index 5) to navigate to the login page.\n        frame = context.pages[-1]\n        elem = frame.locator('xpath=html/body/main/header/div/div/div[2]/button').nth(0)\n        await page.wait_for_timeout(3000); await elem.click(timeout=5000)\n        \n\n        assert False, 'Test failed: Expected result unknown, forcing failure.'\n        await asyncio.sleep(5)\n    \n    finally:\n        if context:\n            await context.close()\n        if browser:\n            await browser.close()\n        if pw:\n            await pw.stop()\n            \nasyncio.run(run_test())\n    ",
    "testStatus": "FAILED",
    "testError": "Testing stopped due to build error on login page preventing authentication flow validation. Please fix the syntax error in ./src/app/security-engine/page.tsx to proceed.\nBrowser Console Logs:\n[WARNING] Clerk: Clerk has been loaded with development keys. Development instances have strict usage limits and should not be used when deploying your application to production. Learn more: https://clerk.com/docs/deployments/overview (at https://helping-dolphin-19.clerk.accounts.dev/npm/@clerk/clerk-js@5/dist/clerk.browser.js:15:1279)\n[WARNING] Clerk: The prop \"afterSignInUrl\" is deprecated and should be replaced with the new \"fallbackRedirectUrl\" or \"forceRedirectUrl\" props instead. Learn more: https://clerk.com/docs/guides/custom-redirects#redirect-url-props (at https://helping-dolphin-19.clerk.accounts.dev/npm/@clerk/clerk-js@5/dist/clerk.browser.js:15:1279)\n[ERROR] Failed to load resource: the server responded with a status of 400 () (at https://helping-dolphin-19.clerk.accounts.dev/v1/environment?__clerk_api_version=2025-04-10&_clerk_js_version=5.90.0&_method=PATCH&__clerk_db_jwt=dvb_324KkT67t2vbzda8vf61nCsCjeg:0:0)\n[ERROR] ./src/app/security-engine/page.tsx\nError:   × Unterminated regexp literal\n      ╭─[/home/imran/Documents/saas/complience-saas/frontend/src/app/security-engine/page.tsx:2756:1]\n 2753 │           </motion.div>\n 2754 │         )}\n 2755 │       </div>\n 2756 │     </div>\n      ·      ─────\n 2757 │   );\n 2758 │ }\n      ╰────\n\nCaused by:\n    Syntax Error\n\nImport trace for requested module:\n./src/app/security-engine/page.tsx (at webpack-internal:///(app-pages-browser)/./node_modules/next/dist/next-devtools/userspace/app/errors/intercept-console-error.js:56:31)\n[ERROR] ./src/app/security-engine/page.tsx\nError:   × Unterminated regexp literal\n      ╭─[/home/imran/Documents/saas/complience-saas/frontend/src/app/security-engine/page.tsx:2756:1]\n 2753 │           </motion.div>\n 2754 │         )}\n 2755 │       </div>\n 2756 │     </div>\n      ·      ─────\n 2757 │   );\n 2758 │ }\n      ╰────\n\nCaused by:\n    Syntax Error\n\nImport trace for requested module:\n./src/app/security-engine/page.tsx (at webpack-internal:///(app-pages-browser)/./node_modules/next/dist/next-devtools/userspace/app/errors/intercept-console-error.js:56:31)\n[ERROR] ./src/app/security-engine/page.tsx\nError:   × Unterminated regexp literal\n      ╭─[/home/imran/Documents/saas/complience-saas/frontend/src/app/security-engine/page.tsx:2756:1]\n 2753 │           </motion.div>\n 2754 │         )}\n 2755 │       </div>\n 2756 │     </div>\n      ·      ─────\n 2757 │   );\n 2758 │ }\n      ╰────\n\nCaused by:\n    Syntax Error\n\nImport trace for requested module:\n./src/app/security-engine/page.tsx (at webpack-internal:///(app-pages-browser)/./node_modules/next/dist/next-devtools/userspace/app/errors/intercept-console-error.js:56:31)\n[ERROR] ./src/app/security-engine/page.tsx\nError:   × Unterminated regexp literal\n      ╭─[/home/imran/Documents/saas/complience-saas/frontend/src/app/security-engine/page.tsx:2756:1]\n 2753 │           </motion.div>\n 2754 │         )}\n 2755 │       </div>\n 2756 │     </div>\n      ·      ─────\n 2757 │   );\n 2758 │ }\n      ╰────\n\nCaused by:\n    Syntax Error\n\nImport trace for requested module:\n./src/app/security-engine/page.tsx (at webpack-internal:///(app-pages-browser)/./node_modules/next/dist/next-devtools/userspace/app/errors/intercept-console-error.js:56:31)\n[ERROR] ./src/app/security-engine/page.tsx\nError:   × Unterminated regexp literal\n      ╭─[/home/imran/Documents/saas/complience-saas/frontend/src/app/security-engine/page.tsx:2756:1]\n 2753 │           </motion.div>\n 2754 │         )}\n 2755 │       </div>\n 2756 │     </div>\n      ·      ─────\n 2757 │   );\n 2758 │ }\n      ╰────\n\nCaused by:\n    Syntax Error\n\nImport trace for requested module:\n./src/app/security-engine/page.tsx (at webpack-internal:///(app-pages-browser)/./node_modules/next/dist/next-devtools/userspace/app/errors/intercept-console-error.js:56:31)\n[ERROR] Failed to load resource: the server responded with a status of 500 (Internal Server Error) (at http://localhost:3000/_next/static/webpack/f69704a773206707.webpack.hot-update.json:0:0)\n[WARNING] [Fast Refresh] performing full reload\n\nFast Refresh will perform a full reload when you edit a file that's imported by modules outside of the React rendering tree.\nYou might have a file which exports a React component but also exports a value that is imported by a non-React component file.\nConsider migrating the non-React component export to a separate file and importing it into both files.\n\nIt is also possible the parent component of the component you edited is a class component, which disables Fast Refresh.\nFast Refresh requires at least one parent function component in your React tree. (at webpack-internal:///(app-pages-browser)/./node_modules/next/dist/client/dev/hot-reloader/app/hot-reloader-app.js:111:24)\n[ERROR] Failed to load resource: the server responded with a status of 500 (Internal Server Error) (at http://localhost:3000/sign-in?_rsc=vusbg:0:0)\n[ERROR] Failed to load resource: the server responded with a status of 500 (Internal Server Error) (at http://localhost:3000/?_rsc=fsnpp:0:0)\n[ERROR] Failed to load resource: the server responded with a status of 500 (Internal Server Error) (at http://localhost:3000/sign-in?_rsc=fsnpp:0:0)\n[ERROR] Failed to load resource: the server responded with a status of 500 (Internal Server Error) (at http://localhost:3000/sign-in:0:0)\n[ERROR] ./src/app/security-engine/page.tsx\nError:   × Unterminated regexp literal\n      ╭─[/home/imran/Documents/saas/complience-saas/frontend/src/app/security-engine/page.tsx:2756:1]\n 2753 │           </motion.div>\n 2754 │         )}\n 2755 │       </div>\n 2756 │     </div>\n      ·      ─────\n 2757 │   );\n 2758 │ }\n      ╰────\n\nCaused by:\n    Syntax Error (at webpack-internal:///(pages-dir-browser)/./node_modules/next/dist/next-devtools/userspace/pages/pages-dev-overlay-setup.js:76:21)\n[ERROR] ./src/app/security-engine/page.tsx\nError:   × Unterminated regexp literal\n      ╭─[/home/imran/Documents/saas/complience-saas/frontend/src/app/security-engine/page.tsx:2756:1]\n 2753 │           </motion.div>\n 2754 │         )}\n 2755 │       </div>\n 2756 │     </div>\n      ·      ─────\n 2757 │   );\n 2758 │ }\n      ╰────\n\nCaused by:\n    Syntax Error (at webpack-internal:///(pages-dir-browser)/./node_modules/next/dist/next-devtools/userspace/pages/pages-dev-overlay-setup.js:76:21)\n[ERROR] ./src/app/security-engine/page.tsx\nError:   × Unterminated regexp literal\n      ╭─[/home/imran/Documents/saas/complience-saas/frontend/src/app/security-engine/page.tsx:2756:1]\n 2753 │           </motion.div>\n 2754 │         )}\n 2755 │       </div>\n 2756 │     </div>\n      ·      ─────\n 2757 │   );\n 2758 │ }\n      ╰────\n\nCaused by:\n    Syntax Error (at webpack-internal:///(pages-dir-browser)/./node_modules/next/dist/next-devtools/userspace/pages/pages-dev-overlay-setup.js:76:21)\n[ERROR] ./src/app/security-engine/page.tsx\nError:   × Unterminated regexp literal\n      ╭─[/home/imran/Documents/saas/complience-saas/frontend/src/app/security-engine/page.tsx:2756:1]\n 2753 │           </motion.div>\n 2754 │         )}\n 2755 │       </div>\n 2756 │     </div>\n      ·      ─────\n 2757 │   );\n 2758 │ }\n      ╰────\n\nCaused by:\n    Syntax Error (at webpack-internal:///(pages-dir-browser)/./node_modules/next/dist/next-devtools/userspace/pages/pages-dev-overlay-setup.js:76:21)\n[ERROR] ./src/app/security-engine/page.tsx\nError:   × Unterminated regexp literal\n      ╭─[/home/imran/Documents/saas/complience-saas/frontend/src/app/security-engine/page.tsx:2756:1]\n 2753 │           </motion.div>\n 2754 │         )}\n 2755 │       </div>\n 2756 │     </div>\n      ·      ─────\n 2757 │   );\n 2758 │ }\n      ╰────\n\nCaused by:\n    Syntax Error (at webpack-internal:///(pages-dir-browser)/./node_modules/next/dist/next-devtools/userspace/pages/pages-dev-overlay-setup.js:76:21)",
    "testType": "FRONTEND",
    "createFrom": "mcp",
    "testVisualization": "https://testsprite-videos.s3.us-east-1.amazonaws.com/343864c8-80f1-7021-8b28-be3604e79954/1756674930226135//tmp/test_task/result.webm",
    "created": "2025-08-31T21:08:41.475Z",
    "modified": "2025-08-31T21:15:30.411Z"
  },
  {
    "projectId": "906626c0-7b7a-43fd-9e58-1745a2c43608",
    "testId": "44a92f0f-6a54-45c6-9179-c2cbac6d1151",
    "userId": "343864c8-80f1-7021-8b28-be3604e79954",
    "title": "TC005-Project Management - CRUD Operations and Team Collaboration",
    "description": "Test the ability to create, read, update, and delete multiple projects (websites), assign team roles with permissions, and verify authentication blocking is handled correctly.",
    "code": "import asyncio\nfrom playwright import async_api\n\nasync def run_test():\n    pw = None\n    browser = None\n    context = None\n    \n    try:\n        # Start a Playwright session in asynchronous mode\n        pw = await async_api.async_playwright().start()\n        \n        # Launch a Chromium browser in headless mode with custom arguments\n        browser = await pw.chromium.launch(\n            headless=True,\n            args=[\n                \"--window-size=1280,720\",         # Set the browser window size\n                \"--disable-dev-shm-usage\",        # Avoid using /dev/shm which can cause issues in containers\n                \"--ipc=host\",                     # Use host-level IPC for better stability\n                \"--single-process\"                # Run the browser in a single process mode\n            ],\n        )\n        \n        # Create a new browser context (like an incognito window)\n        context = await browser.new_context()\n        context.set_default_timeout(5000)\n        \n        # Open a new page in the browser context\n        page = await context.new_page()\n        \n        # Navigate to your target URL and wait until the network request is committed\n        await page.goto(\"http://localhost:3000\", wait_until=\"commit\", timeout=10000)\n        \n        # Wait for the main page to reach DOMContentLoaded state (optional for stability)\n        try:\n            await page.wait_for_load_state(\"domcontentloaded\", timeout=3000)\n        except async_api.Error:\n            pass\n        \n        # Iterate through all iframes and wait for them to load as well\n        for frame in page.frames:\n            try:\n                await frame.wait_for_load_state(\"domcontentloaded\", timeout=3000)\n            except async_api.Error:\n                pass\n        \n        # Interact with the page elements to simulate user flow\n        # Click on 'Sign In' to proceed with user login.\n        frame = context.pages[-1]\n        elem = frame.locator('xpath=html/body/main/footer/div/div/div/div[2]/a').nth(0)\n        await page.wait_for_timeout(3000); await elem.click(timeout=5000)\n        \n\n        # Try clicking 'Start Free' button (index 5) to see if it leads to a login or signup page for project management access.\n        frame = context.pages[-1]\n        elem = frame.locator('xpath=html/body/main/header/div/div/div[2]/button[2]').nth(0)\n        await page.wait_for_timeout(3000); await elem.click(timeout=5000)\n        \n\n        assert False, 'Test plan execution failed: generic failure assertion as expected.'\n        await asyncio.sleep(5)\n    \n    finally:\n        if context:\n            await context.close()\n        if browser:\n            await browser.close()\n        if pw:\n            await pw.stop()\n            \nasyncio.run(run_test())\n    ",
    "testStatus": "FAILED",
    "testError": "Testing halted due to critical build error 'Unterminated regexp literal' in ./src/app/security-engine/page.tsx at line 2756. This error prevents access to login and project management features, blocking all test steps. Please fix the syntax error and redeploy to resume testing.\nBrowser Console Logs:\n[WARNING] Clerk: Clerk has been loaded with development keys. Development instances have strict usage limits and should not be used when deploying your application to production. Learn more: https://clerk.com/docs/deployments/overview (at https://helping-dolphin-19.clerk.accounts.dev/npm/@clerk/clerk-js@5/dist/clerk.browser.js:15:1279)\n[WARNING] Clerk: The prop \"afterSignInUrl\" is deprecated and should be replaced with the new \"fallbackRedirectUrl\" or \"forceRedirectUrl\" props instead. Learn more: https://clerk.com/docs/guides/custom-redirects#redirect-url-props (at https://helping-dolphin-19.clerk.accounts.dev/npm/@clerk/clerk-js@5/dist/clerk.browser.js:15:1279)\n[ERROR] Failed to load resource: the server responded with a status of 400 () (at https://helping-dolphin-19.clerk.accounts.dev/v1/environment?__clerk_api_version=2025-04-10&_clerk_js_version=5.90.0&_method=PATCH&__clerk_db_jwt=dvb_324KkI5uZ2Pl7c5z0TZdD0CmHNI:0:0)\n[ERROR] ./src/app/security-engine/page.tsx\nError:   × Unterminated regexp literal\n      ╭─[/home/imran/Documents/saas/complience-saas/frontend/src/app/security-engine/page.tsx:2756:1]\n 2753 │           </motion.div>\n 2754 │         )}\n 2755 │       </div>\n 2756 │     </div>\n      ·      ─────\n 2757 │   );\n 2758 │ }\n      ╰────\n\nCaused by:\n    Syntax Error\n\nImport trace for requested module:\n./src/app/security-engine/page.tsx (at webpack-internal:///(app-pages-browser)/./node_modules/next/dist/next-devtools/userspace/app/errors/intercept-console-error.js:56:31)\n[ERROR] ./src/app/security-engine/page.tsx\nError:   × Unterminated regexp literal\n      ╭─[/home/imran/Documents/saas/complience-saas/frontend/src/app/security-engine/page.tsx:2756:1]\n 2753 │           </motion.div>\n 2754 │         )}\n 2755 │       </div>\n 2756 │     </div>\n      ·      ─────\n 2757 │   );\n 2758 │ }\n      ╰────\n\nCaused by:\n    Syntax Error\n\nImport trace for requested module:\n./src/app/security-engine/page.tsx (at webpack-internal:///(app-pages-browser)/./node_modules/next/dist/next-devtools/userspace/app/errors/intercept-console-error.js:56:31)\n[ERROR] ./src/app/security-engine/page.tsx\nError:   × Unterminated regexp literal\n      ╭─[/home/imran/Documents/saas/complience-saas/frontend/src/app/security-engine/page.tsx:2756:1]\n 2753 │           </motion.div>\n 2754 │         )}\n 2755 │       </div>\n 2756 │     </div>\n      ·      ─────\n 2757 │   );\n 2758 │ }\n      ╰────\n\nCaused by:\n    Syntax Error\n\nImport trace for requested module:\n./src/app/security-engine/page.tsx (at webpack-internal:///(app-pages-browser)/./node_modules/next/dist/next-devtools/userspace/app/errors/intercept-console-error.js:56:31)\n[WARNING] [Fast Refresh] performing full reload\n\nFast Refresh will perform a full reload when you edit a file that's imported by modules outside of the React rendering tree.\nYou might have a file which exports a React component but also exports a value that is imported by a non-React component file.\nConsider migrating the non-React component export to a separate file and importing it into both files.\n\nIt is also possible the parent component of the component you edited is a class component, which disables Fast Refresh.\nFast Refresh requires at least one parent function component in your React tree. (at webpack-internal:///(app-pages-browser)/./node_modules/next/dist/client/dev/hot-reloader/app/hot-reloader-app.js:111:24)\n[ERROR] ./src/app/security-engine/page.tsx\nError:   × Unterminated regexp literal\n      ╭─[/home/imran/Documents/saas/complience-saas/frontend/src/app/security-engine/page.tsx:2756:1]\n 2753 │           </motion.div>\n 2754 │         )}\n 2755 │       </div>\n 2756 │     </div>\n      ·      ─────\n 2757 │   );\n 2758 │ }\n      ╰────\n\nCaused by:\n    Syntax Error\n\nImport trace for requested module:\n./src/app/security-engine/page.tsx (at webpack-internal:///(app-pages-browser)/./node_modules/next/dist/next-devtools/userspace/app/errors/intercept-console-error.js:56:31)\n[ERROR] ./src/app/security-engine/page.tsx\nError:   × Unterminated regexp literal\n      ╭─[/home/imran/Documents/saas/complience-saas/frontend/src/app/security-engine/page.tsx:2756:1]\n 2753 │           </motion.div>\n 2754 │         )}\n 2755 │       </div>\n 2756 │     </div>\n      ·      ─────\n 2757 │   );\n 2758 │ }\n      ╰────\n\nCaused by:\n    Syntax Error\n\nImport trace for requested module:\n./src/app/security-engine/page.tsx (at webpack-internal:///(app-pages-browser)/./node_modules/next/dist/next-devtools/userspace/app/errors/intercept-console-error.js:56:31)\n[ERROR] Failed to load resource: the server responded with a status of 500 (Internal Server Error) (at http://localhost:3000/sign-up?_rsc=vusbg:0:0)\n[ERROR] Failed to load resource: the server responded with a status of 500 (Internal Server Error) (at http://localhost:3000/#:0:0)\n[ERROR] ./src/app/security-engine/page.tsx\nError:   × Unterminated regexp literal\n      ╭─[/home/imran/Documents/saas/complience-saas/frontend/src/app/security-engine/page.tsx:2756:1]\n 2753 │           </motion.div>\n 2754 │         )}\n 2755 │       </div>\n 2756 │     </div>\n      ·      ─────\n 2757 │   );\n 2758 │ }\n      ╰────\n\nCaused by:\n    Syntax Error (at webpack-internal:///(pages-dir-browser)/./node_modules/next/dist/next-devtools/userspace/pages/pages-dev-overlay-setup.js:76:21)\n[ERROR] ./src/app/security-engine/page.tsx\nError:   × Unterminated regexp literal\n      ╭─[/home/imran/Documents/saas/complience-saas/frontend/src/app/security-engine/page.tsx:2756:1]\n 2753 │           </motion.div>\n 2754 │         )}\n 2755 │       </div>\n 2756 │     </div>\n      ·      ─────\n 2757 │   );\n 2758 │ }\n      ╰────\n\nCaused by:\n    Syntax Error (at webpack-internal:///(pages-dir-browser)/./node_modules/next/dist/next-devtools/userspace/pages/pages-dev-overlay-setup.js:76:21)\n[ERROR] ./src/app/security-engine/page.tsx\nError:   × Unterminated regexp literal\n      ╭─[/home/imran/Documents/saas/complience-saas/frontend/src/app/security-engine/page.tsx:2756:1]\n 2753 │           </motion.div>\n 2754 │         )}\n 2755 │       </div>\n 2756 │     </div>\n      ·      ─────\n 2757 │   );\n 2758 │ }\n      ╰────\n\nCaused by:\n    Syntax Error (at webpack-internal:///(pages-dir-browser)/./node_modules/next/dist/next-devtools/userspace/pages/pages-dev-overlay-setup.js:76:21)\n[ERROR] ./src/app/security-engine/page.tsx\nError:   × Unterminated regexp literal\n      ╭─[/home/imran/Documents/saas/complience-saas/frontend/src/app/security-engine/page.tsx:2756:1]\n 2753 │           </motion.div>\n 2754 │         )}\n 2755 │       </div>\n 2756 │     </div>\n      ·      ─────\n 2757 │   );\n 2758 │ }\n      ╰────\n\nCaused by:\n    Syntax Error (at webpack-internal:///(pages-dir-browser)/./node_modules/next/dist/next-devtools/userspace/pages/pages-dev-overlay-setup.js:76:21)\n[ERROR] ./src/app/security-engine/page.tsx\nError:   × Unterminated regexp literal\n      ╭─[/home/imran/Documents/saas/complience-saas/frontend/src/app/security-engine/page.tsx:2756:1]\n 2753 │           </motion.div>\n 2754 │         )}\n 2755 │       </div>\n 2756 │     </div>\n      ·      ─────\n 2757 │   );\n 2758 │ }\n      ╰────\n\nCaused by:\n    Syntax Error (at webpack-internal:///(pages-dir-browser)/./node_modules/next/dist/next-devtools/userspace/pages/pages-dev-overlay-setup.js:76:21)\n[ERROR] ./src/app/security-engine/page.tsx\nError:   × Unterminated regexp literal\n      ╭─[/home/imran/Documents/saas/complience-saas/frontend/src/app/security-engine/page.tsx:2756:1]\n 2753 │           </motion.div>\n 2754 │         )}\n 2755 │       </div>\n 2756 │     </div>\n      ·      ─────\n 2757 │   );\n 2758 │ }\n      ╰────\n\nCaused by:\n    Syntax Error (at webpack-internal:///(pages-dir-browser)/./node_modules/next/dist/next-devtools/userspace/pages/pages-dev-overlay-setup.js:76:21)\n[ERROR] ./src/app/security-engine/page.tsx\nError:   × Unterminated regexp literal\n      ╭─[/home/imran/Documents/saas/complience-saas/frontend/src/app/security-engine/page.tsx:2756:1]\n 2753 │           </motion.div>\n 2754 │         )}\n 2755 │       </div>\n 2756 │     </div>\n      ·      ─────\n 2757 │   );\n 2758 │ }\n      ╰────\n\nCaused by:\n    Syntax Error (at webpack-internal:///(pages-dir-browser)/./node_modules/next/dist/next-devtools/userspace/pages/pages-dev-overlay-setup.js:76:21)",
    "testType": "FRONTEND",
    "createFrom": "mcp",
    "testVisualization": "https://testsprite-videos.s3.us-east-1.amazonaws.com/343864c8-80f1-7021-8b28-be3604e79954/1756674923403649//tmp/test_task/result.webm",
    "created": "2025-08-31T21:08:41.481Z",
    "modified": "2025-08-31T21:15:23.608Z"
  },
  {
    "projectId": "906626c0-7b7a-43fd-9e58-1745a2c43608",
    "testId": "6443cb0c-fb3d-405d-952d-2432d2b06cf0",
    "userId": "343864c8-80f1-7021-8b28-be3604e79954",
    "title": "TC006-Real-time Monitoring - Alerts and Status Tracking",
    "description": "Verify that continuous website monitoring sends real-time alerts, updates website status on the monitoring dashboard, and handles authentication properly.",
    "code": "import asyncio\nfrom playwright import async_api\n\nasync def run_test():\n    pw = None\n    browser = None\n    context = None\n    \n    try:\n        # Start a Playwright session in asynchronous mode\n        pw = await async_api.async_playwright().start()\n        \n        # Launch a Chromium browser in headless mode with custom arguments\n        browser = await pw.chromium.launch(\n            headless=True,\n            args=[\n                \"--window-size=1280,720\",         # Set the browser window size\n                \"--disable-dev-shm-usage\",        # Avoid using /dev/shm which can cause issues in containers\n                \"--ipc=host\",                     # Use host-level IPC for better stability\n                \"--single-process\"                # Run the browser in a single process mode\n            ],\n        )\n        \n        # Create a new browser context (like an incognito window)\n        context = await browser.new_context()\n        context.set_default_timeout(5000)\n        \n        # Open a new page in the browser context\n        page = await context.new_page()\n        \n        # Navigate to your target URL and wait until the network request is committed\n        await page.goto(\"http://localhost:3000\", wait_until=\"commit\", timeout=10000)\n        \n        # Wait for the main page to reach DOMContentLoaded state (optional for stability)\n        try:\n            await page.wait_for_load_state(\"domcontentloaded\", timeout=3000)\n        except async_api.Error:\n            pass\n        \n        # Iterate through all iframes and wait for them to load as well\n        for frame in page.frames:\n            try:\n                await frame.wait_for_load_state(\"domcontentloaded\", timeout=3000)\n            except async_api.Error:\n                pass\n        \n        # Interact with the page elements to simulate user flow\n        # Click on 'Sign In' to start login process.\n        frame = context.pages[-1]\n        elem = frame.locator('xpath=html/body/main/header/div/div/nav/div[3]/button').nth(0)\n        await page.wait_for_timeout(3000); await elem.click(timeout=5000)\n        \n\n        # Click on 'Sign In' button at index 5 to start login process.\n        frame = context.pages[-1]\n        elem = frame.locator('xpath=html/body/main/header/div/div/div[2]/button').nth(0)\n        await page.wait_for_timeout(3000); await elem.click(timeout=5000)\n        \n\n        assert False, 'Test failed: Expected result unknown, forcing failure.'\n        await asyncio.sleep(5)\n    \n    finally:\n        if context:\n            await context.close()\n        if browser:\n            await browser.close()\n        if pw:\n            await pw.stop()\n            \nasyncio.run(run_test())\n    ",
    "testStatus": "FAILED",
    "testError": "Testing stopped due to critical issue: clicking 'Sign In' leads to an empty page with no content, preventing further test execution for continuous website monitoring features.\nBrowser Console Logs:\n[WARNING] Clerk: Clerk has been loaded with development keys. Development instances have strict usage limits and should not be used when deploying your application to production. Learn more: https://clerk.com/docs/deployments/overview (at https://helping-dolphin-19.clerk.accounts.dev/npm/@clerk/clerk-js@5/dist/clerk.browser.js:15:1279)\n[WARNING] Clerk: The prop \"afterSignInUrl\" is deprecated and should be replaced with the new \"fallbackRedirectUrl\" or \"forceRedirectUrl\" props instead. Learn more: https://clerk.com/docs/guides/custom-redirects#redirect-url-props (at https://helping-dolphin-19.clerk.accounts.dev/npm/@clerk/clerk-js@5/dist/clerk.browser.js:15:1279)\n[ERROR] Failed to load resource: the server responded with a status of 400 () (at https://helping-dolphin-19.clerk.accounts.dev/v1/environment?__clerk_api_version=2025-04-10&_clerk_js_version=5.90.0&_method=PATCH&__clerk_db_jwt=dvb_324KkXk3UV0f9I2FyrwynGw6ASf:0:0)\n[ERROR] ./src/app/security-engine/page.tsx\nError:   × Unterminated regexp literal\n      ╭─[/home/imran/Documents/saas/complience-saas/frontend/src/app/security-engine/page.tsx:2756:1]\n 2753 │           </motion.div>\n 2754 │         )}\n 2755 │       </div>\n 2756 │     </div>\n      ·      ─────\n 2757 │   );\n 2758 │ }\n      ╰────\n\nCaused by:\n    Syntax Error\n\nImport trace for requested module:\n./src/app/security-engine/page.tsx (at webpack-internal:///(app-pages-browser)/./node_modules/next/dist/next-devtools/userspace/app/errors/intercept-console-error.js:56:31)\n[ERROR] ./src/app/security-engine/page.tsx\nError:   × Unterminated regexp literal\n      ╭─[/home/imran/Documents/saas/complience-saas/frontend/src/app/security-engine/page.tsx:2756:1]\n 2753 │           </motion.div>\n 2754 │         )}\n 2755 │       </div>\n 2756 │     </div>\n      ·      ─────\n 2757 │   );\n 2758 │ }\n      ╰────\n\nCaused by:\n    Syntax Error\n\nImport trace for requested module:\n./src/app/security-engine/page.tsx (at webpack-internal:///(app-pages-browser)/./node_modules/next/dist/next-devtools/userspace/app/errors/intercept-console-error.js:56:31)\n[ERROR] ./src/app/security-engine/page.tsx\nError:   × Unterminated regexp literal\n      ╭─[/home/imran/Documents/saas/complience-saas/frontend/src/app/security-engine/page.tsx:2756:1]\n 2753 │           </motion.div>\n 2754 │         )}\n 2755 │       </div>\n 2756 │     </div>\n      ·      ─────\n 2757 │   );\n 2758 │ }\n      ╰────\n\nCaused by:\n    Syntax Error\n\nImport trace for requested module:\n./src/app/security-engine/page.tsx (at webpack-internal:///(app-pages-browser)/./node_modules/next/dist/next-devtools/userspace/app/errors/intercept-console-error.js:56:31)\n[ERROR] ./src/app/security-engine/page.tsx\nError:   × Unterminated regexp literal\n      ╭─[/home/imran/Documents/saas/complience-saas/frontend/src/app/security-engine/page.tsx:2756:1]\n 2753 │           </motion.div>\n 2754 │         )}\n 2755 │       </div>\n 2756 │     </div>\n      ·      ─────\n 2757 │   );\n 2758 │ }\n      ╰────\n\nCaused by:\n    Syntax Error\n\nImport trace for requested module:\n./src/app/security-engine/page.tsx (at webpack-internal:///(app-pages-browser)/./node_modules/next/dist/next-devtools/userspace/app/errors/intercept-console-error.js:56:31)\n[ERROR] ./src/app/security-engine/page.tsx\nError:   × Unterminated regexp literal\n      ╭─[/home/imran/Documents/saas/complience-saas/frontend/src/app/security-engine/page.tsx:2756:1]\n 2753 │           </motion.div>\n 2754 │         )}\n 2755 │       </div>\n 2756 │     </div>\n      ·      ─────\n 2757 │   );\n 2758 │ }\n      ╰────\n\nCaused by:\n    Syntax Error\n\nImport trace for requested module:\n./src/app/security-engine/page.tsx (at webpack-internal:///(app-pages-browser)/./node_modules/next/dist/next-devtools/userspace/app/errors/intercept-console-error.js:56:31)\n[ERROR] Failed to load resource: the server responded with a status of 500 (Internal Server Error) (at http://localhost:3000/_next/static/webpack/f69704a773206707.webpack.hot-update.json:0:0)\n[WARNING] [Fast Refresh] performing full reload\n\nFast Refresh will perform a full reload when you edit a file that's imported by modules outside of the React rendering tree.\nYou might have a file which exports a React component but also exports a value that is imported by a non-React component file.\nConsider migrating the non-React component export to a separate file and importing it into both files.\n\nIt is also possible the parent component of the component you edited is a class component, which disables Fast Refresh.\nFast Refresh requires at least one parent function component in your React tree. (at webpack-internal:///(app-pages-browser)/./node_modules/next/dist/client/dev/hot-reloader/app/hot-reloader-app.js:111:24)\n[ERROR] Failed to load resource: the server responded with a status of 500 (Internal Server Error) (at http://localhost:3000/?_rsc=vusbg#pricing:0:0)\n[ERROR] Failed to load resource: the server responded with a status of 500 (Internal Server Error) (at http://localhost:3000/sign-in?_rsc=vusbg:0:0)\n[ERROR] Failed to load resource: the server responded with a status of 500 (Internal Server Error) (at http://localhost:3000/:0:0)\n[ERROR] ./src/app/security-engine/page.tsx\nError:   × Unterminated regexp literal\n      ╭─[/home/imran/Documents/saas/complience-saas/frontend/src/app/security-engine/page.tsx:2756:1]\n 2753 │           </motion.div>\n 2754 │         )}\n 2755 │       </div>\n 2756 │     </div>\n      ·      ─────\n 2757 │   );\n 2758 │ }\n      ╰────\n\nCaused by:\n    Syntax Error (at webpack-internal:///(pages-dir-browser)/./node_modules/next/dist/next-devtools/userspace/pages/pages-dev-overlay-setup.js:76:21)",
    "testType": "FRONTEND",
    "createFrom": "mcp",
    "testVisualization": "https://testsprite-videos.s3.us-east-1.amazonaws.com/343864c8-80f1-7021-8b28-be3604e79954/1756674801231863//tmp/test_task/result.webm",
    "created": "2025-08-31T21:08:41.486Z",
    "modified": "2025-08-31T21:13:21.356Z"
  },
  {
    "projectId": "906626c0-7b7a-43fd-9e58-1745a2c43608",
    "testId": "45a4e60c-6563-4154-8a01-803544c2d799",
    "userId": "343864c8-80f1-7021-8b28-be3604e79954",
    "title": "TC007-Scheduled Scans - Recurring Scan Automation and Customization",
    "description": "Test scheduled scans functionality including creation, customization of recurrence, execution of scans on time, and proper authentication enforcement without blocking.",
    "code": "import asyncio\nfrom playwright import async_api\n\nasync def run_test():\n    pw = None\n    browser = None\n    context = None\n    \n    try:\n        # Start a Playwright session in asynchronous mode\n        pw = await async_api.async_playwright().start()\n        \n        # Launch a Chromium browser in headless mode with custom arguments\n        browser = await pw.chromium.launch(\n            headless=True,\n            args=[\n                \"--window-size=1280,720\",         # Set the browser window size\n                \"--disable-dev-shm-usage\",        # Avoid using /dev/shm which can cause issues in containers\n                \"--ipc=host\",                     # Use host-level IPC for better stability\n                \"--single-process\"                # Run the browser in a single process mode\n            ],\n        )\n        \n        # Create a new browser context (like an incognito window)\n        context = await browser.new_context()\n        context.set_default_timeout(5000)\n        \n        # Open a new page in the browser context\n        page = await context.new_page()\n        \n        # Navigate to your target URL and wait until the network request is committed\n        await page.goto(\"http://localhost:3000\", wait_until=\"commit\", timeout=10000)\n        \n        # Wait for the main page to reach DOMContentLoaded state (optional for stability)\n        try:\n            await page.wait_for_load_state(\"domcontentloaded\", timeout=3000)\n        except async_api.Error:\n            pass\n        \n        # Iterate through all iframes and wait for them to load as well\n        for frame in page.frames:\n            try:\n                await frame.wait_for_load_state(\"domcontentloaded\", timeout=3000)\n            except async_api.Error:\n                pass\n        \n        # Interact with the page elements to simulate user flow\n        # Click on 'Sign In' to log in and then navigate to Scheduled Scans.\n        frame = context.pages[-1]\n        elem = frame.locator('xpath=html/body/main/header/div/div/nav/div[3]/button').nth(0)\n        await page.wait_for_timeout(3000); await elem.click(timeout=5000)\n        \n\n        # Click on the 'Sign In' button with index 5 to log in.\n        frame = context.pages[-1]\n        elem = frame.locator('xpath=html/body/main/header/div/div/div[2]/button').nth(0)\n        await page.wait_for_timeout(3000); await elem.click(timeout=5000)\n        \n\n        # Generic failing assertion since expected result is unknown\n        assert False, 'Test plan execution failed: generic failure assertion.'\n        await asyncio.sleep(5)\n    \n    finally:\n        if context:\n            await context.close()\n        if browser:\n            await browser.close()\n        if pw:\n            await pw.stop()\n            \nasyncio.run(run_test())\n    ",
    "testStatus": "FAILED",
    "testError": "Testing stopped due to critical issue: blank page after clicking 'Sign In'. Unable to proceed with scheduled scans functionality tests.\nBrowser Console Logs:\n[WARNING] Clerk: Clerk has been loaded with development keys. Development instances have strict usage limits and should not be used when deploying your application to production. Learn more: https://clerk.com/docs/deployments/overview (at https://helping-dolphin-19.clerk.accounts.dev/npm/@clerk/clerk-js@5/dist/clerk.browser.js:15:1279)\n[WARNING] Clerk: The prop \"afterSignInUrl\" is deprecated and should be replaced with the new \"fallbackRedirectUrl\" or \"forceRedirectUrl\" props instead. Learn more: https://clerk.com/docs/guides/custom-redirects#redirect-url-props (at https://helping-dolphin-19.clerk.accounts.dev/npm/@clerk/clerk-js@5/dist/clerk.browser.js:15:1279)\n[ERROR] Failed to load resource: the server responded with a status of 400 () (at https://helping-dolphin-19.clerk.accounts.dev/v1/environment?__clerk_api_version=2025-04-10&_clerk_js_version=5.90.0&_method=PATCH&__clerk_db_jwt=dvb_324Kke2e5UhMdRAj1fCOj0XqsX9:0:0)\n[ERROR] ./src/app/security-engine/page.tsx\nError:   × Unterminated regexp literal\n      ╭─[/home/imran/Documents/saas/complience-saas/frontend/src/app/security-engine/page.tsx:2756:1]\n 2753 │           </motion.div>\n 2754 │         )}\n 2755 │       </div>\n 2756 │     </div>\n      ·      ─────\n 2757 │   );\n 2758 │ }\n      ╰────\n\nCaused by:\n    Syntax Error\n\nImport trace for requested module:\n./src/app/security-engine/page.tsx (at webpack-internal:///(app-pages-browser)/./node_modules/next/dist/next-devtools/userspace/app/errors/intercept-console-error.js:56:31)\n[ERROR] ./src/app/security-engine/page.tsx\nError:   × Unterminated regexp literal\n      ╭─[/home/imran/Documents/saas/complience-saas/frontend/src/app/security-engine/page.tsx:2756:1]\n 2753 │           </motion.div>\n 2754 │         )}\n 2755 │       </div>\n 2756 │     </div>\n      ·      ─────\n 2757 │   );\n 2758 │ }\n      ╰────\n\nCaused by:\n    Syntax Error\n\nImport trace for requested module:\n./src/app/security-engine/page.tsx (at webpack-internal:///(app-pages-browser)/./node_modules/next/dist/next-devtools/userspace/app/errors/intercept-console-error.js:56:31)\n[ERROR] ./src/app/security-engine/page.tsx\nError:   × Unterminated regexp literal\n      ╭─[/home/imran/Documents/saas/complience-saas/frontend/src/app/security-engine/page.tsx:2756:1]\n 2753 │           </motion.div>\n 2754 │         )}\n 2755 │       </div>\n 2756 │     </div>\n      ·      ─────\n 2757 │   );\n 2758 │ }\n      ╰────\n\nCaused by:\n    Syntax Error\n\nImport trace for requested module:\n./src/app/security-engine/page.tsx (at webpack-internal:///(app-pages-browser)/./node_modules/next/dist/next-devtools/userspace/app/errors/intercept-console-error.js:56:31)\n[ERROR] ./src/app/security-engine/page.tsx\nError:   × Unterminated regexp literal\n      ╭─[/home/imran/Documents/saas/complience-saas/frontend/src/app/security-engine/page.tsx:2756:1]\n 2753 │           </motion.div>\n 2754 │         )}\n 2755 │       </div>\n 2756 │     </div>\n      ·      ─────\n 2757 │   );\n 2758 │ }\n      ╰────\n\nCaused by:\n    Syntax Error\n\nImport trace for requested module:\n./src/app/security-engine/page.tsx (at webpack-internal:///(app-pages-browser)/./node_modules/next/dist/next-devtools/userspace/app/errors/intercept-console-error.js:56:31)\n[ERROR] ./src/app/security-engine/page.tsx\nError:   × Unterminated regexp literal\n      ╭─[/home/imran/Documents/saas/complience-saas/frontend/src/app/security-engine/page.tsx:2756:1]\n 2753 │           </motion.div>\n 2754 │         )}\n 2755 │       </div>\n 2756 │     </div>\n      ·      ─────\n 2757 │   );\n 2758 │ }\n      ╰────\n\nCaused by:\n    Syntax Error\n\nImport trace for requested module:\n./src/app/security-engine/page.tsx (at webpack-internal:///(app-pages-browser)/./node_modules/next/dist/next-devtools/userspace/app/errors/intercept-console-error.js:56:31)\n[ERROR] Failed to load resource: the server responded with a status of 500 (Internal Server Error) (at http://localhost:3000/_next/static/webpack/f69704a773206707.webpack.hot-update.json:0:0)\n[WARNING] [Fast Refresh] performing full reload\n\nFast Refresh will perform a full reload when you edit a file that's imported by modules outside of the React rendering tree.\nYou might have a file which exports a React component but also exports a value that is imported by a non-React component file.\nConsider migrating the non-React component export to a separate file and importing it into both files.\n\nIt is also possible the parent component of the component you edited is a class component, which disables Fast Refresh.\nFast Refresh requires at least one parent function component in your React tree. (at webpack-internal:///(app-pages-browser)/./node_modules/next/dist/client/dev/hot-reloader/app/hot-reloader-app.js:111:24)\n[ERROR] Failed to load resource: the server responded with a status of 500 (Internal Server Error) (at http://localhost:3000/?_rsc=vusbg#pricing:0:0)\n[ERROR] Failed to load resource: the server responded with a status of 500 (Internal Server Error) (at http://localhost:3000/sign-in?_rsc=vusbg:0:0)\n[ERROR] Failed to load resource: the server responded with a status of 500 (Internal Server Error) (at http://localhost:3000/:0:0)\n[ERROR] ./src/app/security-engine/page.tsx\nError:   × Unterminated regexp literal\n      ╭─[/home/imran/Documents/saas/complience-saas/frontend/src/app/security-engine/page.tsx:2756:1]\n 2753 │           </motion.div>\n 2754 │         )}\n 2755 │       </div>\n 2756 │     </div>\n      ·      ─────\n 2757 │   );\n 2758 │ }\n      ╰────\n\nCaused by:\n    Syntax Error (at webpack-internal:///(pages-dir-browser)/./node_modules/next/dist/next-devtools/userspace/pages/pages-dev-overlay-setup.js:76:21)\n[ERROR] ./src/app/security-engine/page.tsx\nError:   × Unterminated regexp literal\n      ╭─[/home/imran/Documents/saas/complience-saas/frontend/src/app/security-engine/page.tsx:2756:1]\n 2753 │           </motion.div>\n 2754 │         )}\n 2755 │       </div>\n 2756 │     </div>\n      ·      ─────\n 2757 │   );\n 2758 │ }\n      ╰────\n\nCaused by:\n    Syntax Error (at webpack-internal:///(pages-dir-browser)/./node_modules/next/dist/next-devtools/userspace/pages/pages-dev-overlay-setup.js:76:21)",
    "testType": "FRONTEND",
    "createFrom": "mcp",
    "testVisualization": "https://testsprite-videos.s3.us-east-1.amazonaws.com/343864c8-80f1-7021-8b28-be3604e79954/1756674801413827//tmp/test_task/result.webm",
    "created": "2025-08-31T21:08:41.492Z",
    "modified": "2025-08-31T21:13:21.588Z"
  },
  {
    "projectId": "906626c0-7b7a-43fd-9e58-1745a2c43608",
    "testId": "15ce48eb-a3e0-4167-bd88-a1b73f82bcd3",
    "userId": "343864c8-80f1-7021-8b28-be3604e79954",
    "title": "TC008-Comprehensive Reports - Compliance Scores and Recommendations Display",
    "description": "Verify that comprehensive reports correctly present compliance scores, security metrics, and actionable recommendations with no authentication issues or data leakage.",
    "code": "import asyncio\nfrom playwright import async_api\n\nasync def run_test():\n    pw = None\n    browser = None\n    context = None\n    \n    try:\n        # Start a Playwright session in asynchronous mode\n        pw = await async_api.async_playwright().start()\n        \n        # Launch a Chromium browser in headless mode with custom arguments\n        browser = await pw.chromium.launch(\n            headless=True,\n            args=[\n                \"--window-size=1280,720\",         # Set the browser window size\n                \"--disable-dev-shm-usage\",        # Avoid using /dev/shm which can cause issues in containers\n                \"--ipc=host\",                     # Use host-level IPC for better stability\n                \"--single-process\"                # Run the browser in a single process mode\n            ],\n        )\n        \n        # Create a new browser context (like an incognito window)\n        context = await browser.new_context()\n        context.set_default_timeout(5000)\n        \n        # Open a new page in the browser context\n        page = await context.new_page()\n        \n        # Navigate to your target URL and wait until the network request is committed\n        await page.goto(\"http://localhost:3000\", wait_until=\"commit\", timeout=10000)\n        \n        # Wait for the main page to reach DOMContentLoaded state (optional for stability)\n        try:\n            await page.wait_for_load_state(\"domcontentloaded\", timeout=3000)\n        except async_api.Error:\n            pass\n        \n        # Iterate through all iframes and wait for them to load as well\n        for frame in page.frames:\n            try:\n                await frame.wait_for_load_state(\"domcontentloaded\", timeout=3000)\n            except async_api.Error:\n                pass\n        \n        # Interact with the page elements to simulate user flow\n        # Click on 'Sign In' to start login process.\n        frame = context.pages[-1]\n        elem = frame.locator('xpath=html/body/main/section[3]/div[2]/div[2]/div[2]/div[2]/div[2]/button').nth(0)\n        await page.wait_for_timeout(3000); await elem.click(timeout=5000)\n        \n\n        # Click on the 'Sign In' button at index 4 to start the login process.\n        frame = context.pages[-1]\n        elem = frame.locator('xpath=html/body/main/header/div/div/div[2]/button').nth(0)\n        await page.wait_for_timeout(3000); await elem.click(timeout=5000)\n        \n\n        # Try clicking 'Start Free' button at index 6 to see if it leads to login or registration for scanning.\n        frame = context.pages[-1]\n        elem = frame.locator('xpath=html/body/main/header/div/div/div[2]/button[2]').nth(0)\n        await page.wait_for_timeout(3000); await elem.click(timeout=5000)\n        \n\n        assert False, 'Test plan execution failed: generic failure assertion.'\n        await asyncio.sleep(5)\n    \n    finally:\n        if context:\n            await context.close()\n        if browser:\n            await browser.close()\n        if pw:\n            await pw.stop()\n            \nasyncio.run(run_test())\n    ",
    "testStatus": "FAILED",
    "testError": "The WebShield AI application is currently non-functional due to a critical build error caused by an unterminated regular expression literal in the source code file security-engine/page.tsx. This error prevents the application from rendering any pages, including login, scanning, and reports. As a result, it is impossible to verify compliance scores, security metrics, actionable recommendations, or authentication behavior. Testing must be halted until this build error is fixed by the development team.\nBrowser Console Logs:\n[WARNING] Clerk: Clerk has been loaded with development keys. Development instances have strict usage limits and should not be used when deploying your application to production. Learn more: https://clerk.com/docs/deployments/overview (at https://helping-dolphin-19.clerk.accounts.dev/npm/@clerk/clerk-js@5/dist/clerk.browser.js:15:1279)\n[WARNING] Clerk: The prop \"afterSignInUrl\" is deprecated and should be replaced with the new \"fallbackRedirectUrl\" or \"forceRedirectUrl\" props instead. Learn more: https://clerk.com/docs/guides/custom-redirects#redirect-url-props (at https://helping-dolphin-19.clerk.accounts.dev/npm/@clerk/clerk-js@5/dist/clerk.browser.js:15:1279)\n[ERROR] Failed to load resource: the server responded with a status of 400 () (at https://helping-dolphin-19.clerk.accounts.dev/v1/environment?__clerk_api_version=2025-04-10&_clerk_js_version=5.90.0&_method=PATCH&__clerk_db_jwt=dvb_324KkZz2duhfK8rqXmVLqzMkE5N:0:0)\n[ERROR] ./src/app/security-engine/page.tsx\nError:   × Unterminated regexp literal\n      ╭─[/home/imran/Documents/saas/complience-saas/frontend/src/app/security-engine/page.tsx:2756:1]\n 2753 │           </motion.div>\n 2754 │         )}\n 2755 │       </div>\n 2756 │     </div>\n      ·      ─────\n 2757 │   );\n 2758 │ }\n      ╰────\n\nCaused by:\n    Syntax Error\n\nImport trace for requested module:\n./src/app/security-engine/page.tsx (at webpack-internal:///(app-pages-browser)/./node_modules/next/dist/next-devtools/userspace/app/errors/intercept-console-error.js:56:31)\n[ERROR] ./src/app/security-engine/page.tsx\nError:   × Unterminated regexp literal\n      ╭─[/home/imran/Documents/saas/complience-saas/frontend/src/app/security-engine/page.tsx:2756:1]\n 2753 │           </motion.div>\n 2754 │         )}\n 2755 │       </div>\n 2756 │     </div>\n      ·      ─────\n 2757 │   );\n 2758 │ }\n      ╰────\n\nCaused by:\n    Syntax Error\n\nImport trace for requested module:\n./src/app/security-engine/page.tsx (at webpack-internal:///(app-pages-browser)/./node_modules/next/dist/next-devtools/userspace/app/errors/intercept-console-error.js:56:31)\n[ERROR] ./src/app/security-engine/page.tsx\nError:   × Unterminated regexp literal\n      ╭─[/home/imran/Documents/saas/complience-saas/frontend/src/app/security-engine/page.tsx:2756:1]\n 2753 │           </motion.div>\n 2754 │         )}\n 2755 │       </div>\n 2756 │     </div>\n      ·      ─────\n 2757 │   );\n 2758 │ }\n      ╰────\n\nCaused by:\n    Syntax Error\n\nImport trace for requested module:\n./src/app/security-engine/page.tsx (at webpack-internal:///(app-pages-browser)/./node_modules/next/dist/next-devtools/userspace/app/errors/intercept-console-error.js:56:31)\n[ERROR] ./src/app/security-engine/page.tsx\nError:   × Unterminated regexp literal\n      ╭─[/home/imran/Documents/saas/complience-saas/frontend/src/app/security-engine/page.tsx:2756:1]\n 2753 │           </motion.div>\n 2754 │         )}\n 2755 │       </div>\n 2756 │     </div>\n      ·      ─────\n 2757 │   );\n 2758 │ }\n      ╰────\n\nCaused by:\n    Syntax Error\n\nImport trace for requested module:\n./src/app/security-engine/page.tsx (at webpack-internal:///(app-pages-browser)/./node_modules/next/dist/next-devtools/userspace/app/errors/intercept-console-error.js:56:31)\n[ERROR] ./src/app/security-engine/page.tsx\nError:   × Unterminated regexp literal\n      ╭─[/home/imran/Documents/saas/complience-saas/frontend/src/app/security-engine/page.tsx:2756:1]\n 2753 │           </motion.div>\n 2754 │         )}\n 2755 │       </div>\n 2756 │     </div>\n      ·      ─────\n 2757 │   );\n 2758 │ }\n      ╰────\n\nCaused by:\n    Syntax Error\n\nImport trace for requested module:\n./src/app/security-engine/page.tsx (at webpack-internal:///(app-pages-browser)/./node_modules/next/dist/next-devtools/userspace/app/errors/intercept-console-error.js:56:31)\n[ERROR] Failed to load resource: the server responded with a status of 500 (Internal Server Error) (at http://localhost:3000/_next/static/webpack/f69704a773206707.webpack.hot-update.json:0:0)\n[WARNING] [Fast Refresh] performing full reload\n\nFast Refresh will perform a full reload when you edit a file that's imported by modules outside of the React rendering tree.\nYou might have a file which exports a React component but also exports a value that is imported by a non-React component file.\nConsider migrating the non-React component export to a separate file and importing it into both files.\n\nIt is also possible the parent component of the component you edited is a class component, which disables Fast Refresh.\nFast Refresh requires at least one parent function component in your React tree. (at webpack-internal:///(app-pages-browser)/./node_modules/next/dist/client/dev/hot-reloader/app/hot-reloader-app.js:111:24)\n[ERROR] Failed to load resource: the server responded with a status of 500 (Internal Server Error) (at http://localhost:3000/sign-in?_rsc=vusbg:0:0)\n[ERROR] Failed to load resource: the server responded with a status of 500 (Internal Server Error) (at http://localhost:3000/donation?_rsc=vusbg:0:0)\n[ERROR] Failed to load resource: the server responded with a status of 500 (Internal Server Error) (at http://localhost:3000/:0:0)\n[ERROR] ./src/app/security-engine/page.tsx\nError:   × Unterminated regexp literal\n      ╭─[/home/imran/Documents/saas/complience-saas/frontend/src/app/security-engine/page.tsx:2756:1]\n 2753 │           </motion.div>\n 2754 │         )}\n 2755 │       </div>\n 2756 │     </div>\n      ·      ─────\n 2757 │   );\n 2758 │ }\n      ╰────\n\nCaused by:\n    Syntax Error (at webpack-internal:///(pages-dir-browser)/./node_modules/next/dist/next-devtools/userspace/pages/pages-dev-overlay-setup.js:76:21)\n[ERROR] ./src/app/security-engine/page.tsx\nError:   × Unterminated regexp literal\n      ╭─[/home/imran/Documents/saas/complience-saas/frontend/src/app/security-engine/page.tsx:2756:1]\n 2753 │           </motion.div>\n 2754 │         )}\n 2755 │       </div>\n 2756 │     </div>\n      ·      ─────\n 2757 │   );\n 2758 │ }\n      ╰────\n\nCaused by:\n    Syntax Error (at webpack-internal:///(pages-dir-browser)/./node_modules/next/dist/next-devtools/userspace/pages/pages-dev-overlay-setup.js:76:21)\n[ERROR] ./src/app/security-engine/page.tsx\nError:   × Unterminated regexp literal\n      ╭─[/home/imran/Documents/saas/complience-saas/frontend/src/app/security-engine/page.tsx:2756:1]\n 2753 │           </motion.div>\n 2754 │         )}\n 2755 │       </div>\n 2756 │     </div>\n      ·      ─────\n 2757 │   );\n 2758 │ }\n      ╰────\n\nCaused by:\n    Syntax Error (at webpack-internal:///(pages-dir-browser)/./node_modules/next/dist/next-devtools/userspace/pages/pages-dev-overlay-setup.js:76:21)\n[ERROR] ./src/app/security-engine/page.tsx\nError:   × Unterminated regexp literal\n      ╭─[/home/imran/Documents/saas/complience-saas/frontend/src/app/security-engine/page.tsx:2756:1]\n 2753 │           </motion.div>\n 2754 │         )}\n 2755 │       </div>\n 2756 │     </div>\n      ·      ─────\n 2757 │   );\n 2758 │ }\n      ╰────\n\nCaused by:\n    Syntax Error (at webpack-internal:///(pages-dir-browser)/./node_modules/next/dist/next-devtools/userspace/pages/pages-dev-overlay-setup.js:76:21)",
    "testType": "FRONTEND",
    "createFrom": "mcp",
    "testVisualization": "https://testsprite-videos.s3.us-east-1.amazonaws.com/343864c8-80f1-7021-8b28-be3604e79954/1756674881955334//tmp/test_task/result.webm",
    "created": "2025-08-31T21:08:41.497Z",
    "modified": "2025-08-31T21:14:42.105Z"
  },
  {
    "projectId": "906626c0-7b7a-43fd-9e58-1745a2c43608",
    "testId": "e5841536-a437-4047-81f2-e33a7e1fbf17",
    "userId": "343864c8-80f1-7021-8b28-be3604e79954",
    "title": "TC009-AI Assistant Widget - Availability, Functionality, and Error Handling",
    "description": "Ensure the AI Assistant Widget is accessible from the homepage, provides relevant user guidance, and handles any internal errors gracefully without disrupting the user experience.",
    "code": "import asyncio\nfrom playwright import async_api\n\nasync def run_test():\n    pw = None\n    browser = None\n    context = None\n    \n    try:\n        # Start a Playwright session in asynchronous mode\n        pw = await async_api.async_playwright().start()\n        \n        # Launch a Chromium browser in headless mode with custom arguments\n        browser = await pw.chromium.launch(\n            headless=True,\n            args=[\n                \"--window-size=1280,720\",         # Set the browser window size\n                \"--disable-dev-shm-usage\",        # Avoid using /dev/shm which can cause issues in containers\n                \"--ipc=host\",                     # Use host-level IPC for better stability\n                \"--single-process\"                # Run the browser in a single process mode\n            ],\n        )\n        \n        # Create a new browser context (like an incognito window)\n        context = await browser.new_context()\n        context.set_default_timeout(5000)\n        \n        # Open a new page in the browser context\n        page = await context.new_page()\n        \n        # Navigate to your target URL and wait until the network request is committed\n        await page.goto(\"http://localhost:3000\", wait_until=\"commit\", timeout=10000)\n        \n        # Wait for the main page to reach DOMContentLoaded state (optional for stability)\n        try:\n            await page.wait_for_load_state(\"domcontentloaded\", timeout=3000)\n        except async_api.Error:\n            pass\n        \n        # Iterate through all iframes and wait for them to load as well\n        for frame in page.frames:\n            try:\n                await frame.wait_for_load_state(\"domcontentloaded\", timeout=3000)\n            except async_api.Error:\n                pass\n        \n        # Interact with the page elements to simulate user flow\n        # Verify the AI Assistant Widget is visible and interactive on the homepage.\n        await page.mouse.wheel(0, window.innerHeight)\n        \n\n        # Search for any links, buttons, or UI elements that might open or reveal the AI Assistant Widget on the homepage.\n        await page.mouse.wheel(0, window.innerHeight)\n        \n\n        frame = context.pages[-1]\n        elem = frame.locator('xpath=html/body/main/div/button').nth(0)\n        await page.wait_for_timeout(3000); await elem.click(timeout=5000)\n        \n\n        # Interact with the AI Assistant Widget by asking typical user questions to verify relevant and helpful responses.\n        frame = context.pages[-1]\n        elem = frame.locator('xpath=html/body/main/div/div/div[3]/div/input').nth(0)\n        await page.wait_for_timeout(3000); await elem.fill('What security tools do you offer?')\n        \n\n        frame = context.pages[-1]\n        elem = frame.locator('xpath=html/body/main/div/div/div[3]/div/button').nth(0)\n        await page.wait_for_timeout(3000); await elem.click(timeout=5000)\n        \n\n        # Final generic failing assertion since the expected result is unknown and test plan execution failed\n        assert False, 'Test plan execution failed: generic failure assertion'\n        await asyncio.sleep(5)\n    \n    finally:\n        if context:\n            await context.close()\n        if browser:\n            await browser.close()\n        if pw:\n            await pw.stop()\n            \nasyncio.run(run_test())\n    ",
    "testStatus": "FAILED",
    "testError": "The AI Assistant Widget is accessible from the homepage and interactive after clicking the Astra button. However, it fails to provide relevant responses due to a 'User not found' 401 error, indicating an authentication or backend issue. Further testing is stopped until this issue is resolved.\nBrowser Console Logs:\n[WARNING] Clerk: Clerk has been loaded with development keys. Development instances have strict usage limits and should not be used when deploying your application to production. Learn more: https://clerk.com/docs/deployments/overview (at https://helping-dolphin-19.clerk.accounts.dev/npm/@clerk/clerk-js@5/dist/clerk.browser.js:15:1279)\n[WARNING] Clerk: The prop \"afterSignInUrl\" is deprecated and should be replaced with the new \"fallbackRedirectUrl\" or \"forceRedirectUrl\" props instead. Learn more: https://clerk.com/docs/guides/custom-redirects#redirect-url-props (at https://helping-dolphin-19.clerk.accounts.dev/npm/@clerk/clerk-js@5/dist/clerk.browser.js:15:1279)\n[ERROR] Failed to load resource: the server responded with a status of 400 () (at https://helping-dolphin-19.clerk.accounts.dev/v1/environment?__clerk_api_version=2025-04-10&_clerk_js_version=5.90.0&_method=PATCH&__clerk_db_jwt=dvb_324KkSFmpothqTdp4qlfpi5xMwA:0:0)\n[ERROR] ./src/app/security-engine/page.tsx\nError:   × Unterminated regexp literal\n      ╭─[/home/imran/Documents/saas/complience-saas/frontend/src/app/security-engine/page.tsx:2756:1]\n 2753 │           </motion.div>\n 2754 │         )}\n 2755 │       </div>\n 2756 │     </div>\n      ·      ─────\n 2757 │   );\n 2758 │ }\n      ╰────\n\nCaused by:\n    Syntax Error\n\nImport trace for requested module:\n./src/app/security-engine/page.tsx (at webpack-internal:///(app-pages-browser)/./node_modules/next/dist/next-devtools/userspace/app/errors/intercept-console-error.js:56:31)\n[ERROR] ./src/app/security-engine/page.tsx\nError:   × Unterminated regexp literal\n      ╭─[/home/imran/Documents/saas/complience-saas/frontend/src/app/security-engine/page.tsx:2756:1]\n 2753 │           </motion.div>\n 2754 │         )}\n 2755 │       </div>\n 2756 │     </div>\n      ·      ─────\n 2757 │   );\n 2758 │ }\n      ╰────\n\nCaused by:\n    Syntax Error\n\nImport trace for requested module:\n./src/app/security-engine/page.tsx (at webpack-internal:///(app-pages-browser)/./node_modules/next/dist/next-devtools/userspace/app/errors/intercept-console-error.js:56:31)\n[ERROR] Failed to load resource: the server responded with a status of 500 (Internal Server Error) (at http://localhost:3001/api/assistant/chat:0:0)\n[ERROR] ./src/app/security-engine/page.tsx\nError:   × Unterminated regexp literal\n      ╭─[/home/imran/Documents/saas/complience-saas/frontend/src/app/security-engine/page.tsx:2756:1]\n 2753 │           </motion.div>\n 2754 │         )}\n 2755 │       </div>\n 2756 │     </div>\n      ·      ─────\n 2757 │   );\n 2758 │ }\n      ╰────\n\nCaused by:\n    Syntax Error\n\nImport trace for requested module:\n./src/app/security-engine/page.tsx (at webpack-internal:///(app-pages-browser)/./node_modules/next/dist/next-devtools/userspace/app/errors/intercept-console-error.js:56:31)\n[ERROR] ./src/app/security-engine/page.tsx\nError:   × Unterminated regexp literal\n      ╭─[/home/imran/Documents/saas/complience-saas/frontend/src/app/security-engine/page.tsx:2756:1]\n 2753 │           </motion.div>\n 2754 │         )}\n 2755 │       </div>\n 2756 │     </div>\n      ·      ─────\n 2757 │   );\n 2758 │ }\n      ╰────\n\nCaused by:\n    Syntax Error\n\nImport trace for requested module:\n./src/app/security-engine/page.tsx (at webpack-internal:///(app-pages-browser)/./node_modules/next/dist/next-devtools/userspace/app/errors/intercept-console-error.js:56:31)\n[ERROR] ./src/app/security-engine/page.tsx\nError:   × Unterminated regexp literal\n      ╭─[/home/imran/Documents/saas/complience-saas/frontend/src/app/security-engine/page.tsx:2756:1]\n 2753 │           </motion.div>\n 2754 │         )}\n 2755 │       </div>\n 2756 │     </div>\n      ·      ─────\n 2757 │   );\n 2758 │ }\n      ╰────\n\nCaused by:\n    Syntax Error\n\nImport trace for requested module:\n./src/app/security-engine/page.tsx (at webpack-internal:///(app-pages-browser)/./node_modules/next/dist/next-devtools/userspace/app/errors/intercept-console-error.js:56:31)\n[ERROR] Failed to load resource: the server responded with a status of 500 (Internal Server Error) (at http://localhost:3000/_next/static/webpack/f69704a773206707.webpack.hot-update.json:0:0)\n[WARNING] [Fast Refresh] performing full reload\n\nFast Refresh will perform a full reload when you edit a file that's imported by modules outside of the React rendering tree.\nYou might have a file which exports a React component but also exports a value that is imported by a non-React component file.\nConsider migrating the non-React component export to a separate file and importing it into both files.\n\nIt is also possible the parent component of the component you edited is a class component, which disables Fast Refresh.\nFast Refresh requires at least one parent function component in your React tree. (at webpack-internal:///(app-pages-browser)/./node_modules/next/dist/client/dev/hot-reloader/app/hot-reloader-app.js:111:24)\n[ERROR] Failed to load resource: the server responded with a status of 500 (Internal Server Error) (at http://localhost:3000/?_rsc=fsnpp:0:0)\n[ERROR] Failed to load resource: the server responded with a status of 500 (Internal Server Error) (at http://localhost:3000/?_rsc=fsnpp:0:0)\n[ERROR] Failed to load resource: the server responded with a status of 500 (Internal Server Error) (at http://localhost:3000/:0:0)\n[ERROR] ./src/app/security-engine/page.tsx\nError:   × Unterminated regexp literal\n      ╭─[/home/imran/Documents/saas/complience-saas/frontend/src/app/security-engine/page.tsx:2756:1]\n 2753 │           </motion.div>\n 2754 │         )}\n 2755 │       </div>\n 2756 │     </div>\n      ·      ─────\n 2757 │   );\n 2758 │ }\n      ╰────\n\nCaused by:\n    Syntax Error (at webpack-internal:///(pages-dir-browser)/./node_modules/next/dist/next-devtools/userspace/pages/pages-dev-overlay-setup.js:76:21)\n[ERROR] ./src/app/security-engine/page.tsx\nError:   × Unterminated regexp literal\n      ╭─[/home/imran/Documents/saas/complience-saas/frontend/src/app/security-engine/page.tsx:2756:1]\n 2753 │           </motion.div>\n 2754 │         )}\n 2755 │       </div>\n 2756 │     </div>\n      ·      ─────\n 2757 │   );\n 2758 │ }\n      ╰────\n\nCaused by:\n    Syntax Error (at webpack-internal:///(pages-dir-browser)/./node_modules/next/dist/next-devtools/userspace/pages/pages-dev-overlay-setup.js:76:21)\n[ERROR] ./src/app/security-engine/page.tsx\nError:   × Unterminated regexp literal\n      ╭─[/home/imran/Documents/saas/complience-saas/frontend/src/app/security-engine/page.tsx:2756:1]\n 2753 │           </motion.div>\n 2754 │         )}\n 2755 │       </div>\n 2756 │     </div>\n      ·      ─────\n 2757 │   );\n 2758 │ }\n      ╰────\n\nCaused by:\n    Syntax Error (at webpack-internal:///(pages-dir-browser)/./node_modules/next/dist/next-devtools/userspace/pages/pages-dev-overlay-setup.js:76:21)\n[ERROR] ./src/app/security-engine/page.tsx\nError:   × Unterminated regexp literal\n      ╭─[/home/imran/Documents/saas/complience-saas/frontend/src/app/security-engine/page.tsx:2756:1]\n 2753 │           </motion.div>\n 2754 │         )}\n 2755 │       </div>\n 2756 │     </div>\n      ·      ─────\n 2757 │   );\n 2758 │ }\n      ╰────\n\nCaused by:\n    Syntax Error (at webpack-internal:///(pages-dir-browser)/./node_modules/next/dist/next-devtools/userspace/pages/pages-dev-overlay-setup.js:76:21)\n[ERROR] ./src/app/security-engine/page.tsx\nError:   × Unterminated regexp literal\n      ╭─[/home/imran/Documents/saas/complience-saas/frontend/src/app/security-engine/page.tsx:2756:1]\n 2753 │           </motion.div>\n 2754 │         )}\n 2755 │       </div>\n 2756 │     </div>\n      ·      ─────\n 2757 │   );\n 2758 │ }\n      ╰────\n\nCaused by:\n    Syntax Error (at webpack-internal:///(pages-dir-browser)/./node_modules/next/dist/next-devtools/userspace/pages/pages-dev-overlay-setup.js:76:21)\n[ERROR] ./src/app/security-engine/page.tsx\nError:   × Unterminated regexp literal\n      ╭─[/home/imran/Documents/saas/complience-saas/frontend/src/app/security-engine/page.tsx:2756:1]\n 2753 │           </motion.div>\n 2754 │         )}\n 2755 │       </div>\n 2756 │     </div>\n      ·      ─────\n 2757 │   );\n 2758 │ }\n      ╰────\n\nCaused by:\n    Syntax Error (at webpack-internal:///(pages-dir-browser)/./node_modules/next/dist/next-devtools/userspace/pages/pages-dev-overlay-setup.js:76:21)",
    "testType": "FRONTEND",
    "createFrom": "mcp",
    "testVisualization": "https://testsprite-videos.s3.us-east-1.amazonaws.com/343864c8-80f1-7021-8b28-be3604e79954/1756674836007909//tmp/test_task/result.webm",
    "created": "2025-08-31T21:08:41.503Z",
    "modified": "2025-08-31T21:13:56.199Z"
  },
  {
    "projectId": "906626c0-7b7a-43fd-9e58-1745a2c43608",
    "testId": "a24e495d-99f4-4377-a05e-bafdcf609420",
    "userId": "343864c8-80f1-7021-8b28-be3604e79954",
    "title": "TC010-Donation System - Ko-fi Integration and Button Functionality",
    "description": "Test the donation system integration with Ko-fi, verifying that donation buttons function correctly, redirect users as intended, and navigation flows do not break.",
    "code": "import asyncio\nfrom playwright import async_api\n\nasync def run_test():\n    pw = None\n    browser = None\n    context = None\n    \n    try:\n        # Start a Playwright session in asynchronous mode\n        pw = await async_api.async_playwright().start()\n        \n        # Launch a Chromium browser in headless mode with custom arguments\n        browser = await pw.chromium.launch(\n            headless=True,\n            args=[\n                \"--window-size=1280,720\",         # Set the browser window size\n                \"--disable-dev-shm-usage\",        # Avoid using /dev/shm which can cause issues in containers\n                \"--ipc=host\",                     # Use host-level IPC for better stability\n                \"--single-process\"                # Run the browser in a single process mode\n            ],\n        )\n        \n        # Create a new browser context (like an incognito window)\n        context = await browser.new_context()\n        context.set_default_timeout(5000)\n        \n        # Open a new page in the browser context\n        page = await context.new_page()\n        \n        # Navigate to your target URL and wait until the network request is committed\n        await page.goto(\"http://localhost:3000\", wait_until=\"commit\", timeout=10000)\n        \n        # Wait for the main page to reach DOMContentLoaded state (optional for stability)\n        try:\n            await page.wait_for_load_state(\"domcontentloaded\", timeout=3000)\n        except async_api.Error:\n            pass\n        \n        # Iterate through all iframes and wait for them to load as well\n        for frame in page.frames:\n            try:\n                await frame.wait_for_load_state(\"domcontentloaded\", timeout=3000)\n            except async_api.Error:\n                pass\n        \n        # Interact with the page elements to simulate user flow\n        # Look for alternative navigation elements or buttons related to donation or support.\n        await page.mouse.wheel(0, window.innerHeight)\n        \n\n        frame = context.pages[-1]\n        elem = frame.locator('xpath=html/body/main/footer/div/div/div/div[2]/a').nth(0)\n        await page.wait_for_timeout(3000); await elem.click(timeout=5000)\n        \n\n        # Try clicking the 'Support Our Mission' button (index 10) to check if it leads to donation or Ko-fi integration.\n        frame = context.pages[-1]\n        elem = frame.locator('xpath=html/body/main/section[2]/div[2]/div[6]/div/div/button[2]').nth(0)\n        await page.wait_for_timeout(3000); await elem.click(timeout=5000)\n        \n\n        assert False, 'Test failed: Expected result unknown, forcing failure.'\n        await asyncio.sleep(5)\n    \n    finally:\n        if context:\n            await context.close()\n        if browser:\n            await browser.close()\n        if pw:\n            await pw.stop()\n            \nasyncio.run(run_test())\n    ",
    "testStatus": "FAILED",
    "testError": "Testing stopped due to critical build error on the page preventing access to donation system integration. The error must be fixed before further testing can continue.\nBrowser Console Logs:\n[WARNING] Clerk: Clerk has been loaded with development keys. Development instances have strict usage limits and should not be used when deploying your application to production. Learn more: https://clerk.com/docs/deployments/overview (at https://helping-dolphin-19.clerk.accounts.dev/npm/@clerk/clerk-js@5/dist/clerk.browser.js:15:1279)\n[WARNING] Clerk: The prop \"afterSignInUrl\" is deprecated and should be replaced with the new \"fallbackRedirectUrl\" or \"forceRedirectUrl\" props instead. Learn more: https://clerk.com/docs/guides/custom-redirects#redirect-url-props (at https://helping-dolphin-19.clerk.accounts.dev/npm/@clerk/clerk-js@5/dist/clerk.browser.js:15:1279)\n[ERROR] Failed to load resource: the server responded with a status of 400 () (at https://helping-dolphin-19.clerk.accounts.dev/v1/environment?__clerk_api_version=2025-04-10&_clerk_js_version=5.90.0&_method=PATCH&__clerk_db_jwt=dvb_324KkhRLNFLBd2jYYrCi9qwdeWA:0:0)\n[ERROR] ./src/app/security-engine/page.tsx\nError:   × Unterminated regexp literal\n      ╭─[/home/imran/Documents/saas/complience-saas/frontend/src/app/security-engine/page.tsx:2756:1]\n 2753 │           </motion.div>\n 2754 │         )}\n 2755 │       </div>\n 2756 │     </div>\n      ·      ─────\n 2757 │   );\n 2758 │ }\n      ╰────\n\nCaused by:\n    Syntax Error\n\nImport trace for requested module:\n./src/app/security-engine/page.tsx (at webpack-internal:///(app-pages-browser)/./node_modules/next/dist/next-devtools/userspace/app/errors/intercept-console-error.js:56:31)\n[ERROR] ./src/app/security-engine/page.tsx\nError:   × Unterminated regexp literal\n      ╭─[/home/imran/Documents/saas/complience-saas/frontend/src/app/security-engine/page.tsx:2756:1]\n 2753 │           </motion.div>\n 2754 │         )}\n 2755 │       </div>\n 2756 │     </div>\n      ·      ─────\n 2757 │   );\n 2758 │ }\n      ╰────\n\nCaused by:\n    Syntax Error\n\nImport trace for requested module:\n./src/app/security-engine/page.tsx (at webpack-internal:///(app-pages-browser)/./node_modules/next/dist/next-devtools/userspace/app/errors/intercept-console-error.js:56:31)\n[ERROR] ./src/app/security-engine/page.tsx\nError:   × Unterminated regexp literal\n      ╭─[/home/imran/Documents/saas/complience-saas/frontend/src/app/security-engine/page.tsx:2756:1]\n 2753 │           </motion.div>\n 2754 │         )}\n 2755 │       </div>\n 2756 │     </div>\n      ·      ─────\n 2757 │   );\n 2758 │ }\n      ╰────\n\nCaused by:\n    Syntax Error\n\nImport trace for requested module:\n./src/app/security-engine/page.tsx (at webpack-internal:///(app-pages-browser)/./node_modules/next/dist/next-devtools/userspace/app/errors/intercept-console-error.js:56:31)\n[ERROR] ./src/app/security-engine/page.tsx\nError:   × Unterminated regexp literal\n      ╭─[/home/imran/Documents/saas/complience-saas/frontend/src/app/security-engine/page.tsx:2756:1]\n 2753 │           </motion.div>\n 2754 │         )}\n 2755 │       </div>\n 2756 │     </div>\n      ·      ─────\n 2757 │   );\n 2758 │ }\n      ╰────\n\nCaused by:\n    Syntax Error\n\nImport trace for requested module:\n./src/app/security-engine/page.tsx (at webpack-internal:///(app-pages-browser)/./node_modules/next/dist/next-devtools/userspace/app/errors/intercept-console-error.js:56:31)\n[ERROR] ./src/app/security-engine/page.tsx\nError:   × Unterminated regexp literal\n      ╭─[/home/imran/Documents/saas/complience-saas/frontend/src/app/security-engine/page.tsx:2756:1]\n 2753 │           </motion.div>\n 2754 │         )}\n 2755 │       </div>\n 2756 │     </div>\n      ·      ─────\n 2757 │   );\n 2758 │ }\n      ╰────\n\nCaused by:\n    Syntax Error\n\nImport trace for requested module:\n./src/app/security-engine/page.tsx (at webpack-internal:///(app-pages-browser)/./node_modules/next/dist/next-devtools/userspace/app/errors/intercept-console-error.js:56:31)\n[ERROR] Failed to load resource: the server responded with a status of 500 (Internal Server Error) (at http://localhost:3000/_next/static/webpack/f69704a773206707.webpack.hot-update.json:0:0)\n[WARNING] [Fast Refresh] performing full reload\n\nFast Refresh will perform a full reload when you edit a file that's imported by modules outside of the React rendering tree.\nYou might have a file which exports a React component but also exports a value that is imported by a non-React component file.\nConsider migrating the non-React component export to a separate file and importing it into both files.\n\nIt is also possible the parent component of the component you edited is a class component, which disables Fast Refresh.\nFast Refresh requires at least one parent function component in your React tree. (at webpack-internal:///(app-pages-browser)/./node_modules/next/dist/client/dev/hot-reloader/app/hot-reloader-app.js:111:24)\n[ERROR] Failed to load resource: the server responded with a status of 500 (Internal Server Error) (at http://localhost:3000/?_rsc=fsnpp:0:0)\n[ERROR] Failed to load resource: the server responded with a status of 500 (Internal Server Error) (at http://localhost:3000/?_rsc=fsnpp:0:0)\n[ERROR] Failed to load resource: the server responded with a status of 500 (Internal Server Error) (at http://localhost:3000/:0:0)\n[ERROR] ./src/app/security-engine/page.tsx\nError:   × Unterminated regexp literal\n      ╭─[/home/imran/Documents/saas/complience-saas/frontend/src/app/security-engine/page.tsx:2756:1]\n 2753 │           </motion.div>\n 2754 │         )}\n 2755 │       </div>\n 2756 │     </div>\n      ·      ─────\n 2757 │   );\n 2758 │ }\n      ╰────\n\nCaused by:\n    Syntax Error (at webpack-internal:///(pages-dir-browser)/./node_modules/next/dist/next-devtools/userspace/pages/pages-dev-overlay-setup.js:76:21)\n[ERROR] ./src/app/security-engine/page.tsx\nError:   × Unterminated regexp literal\n      ╭─[/home/imran/Documents/saas/complience-saas/frontend/src/app/security-engine/page.tsx:2756:1]\n 2753 │           </motion.div>\n 2754 │         )}\n 2755 │       </div>\n 2756 │     </div>\n      ·      ─────\n 2757 │   );\n 2758 │ }\n      ╰────\n\nCaused by:\n    Syntax Error (at webpack-internal:///(pages-dir-browser)/./node_modules/next/dist/next-devtools/userspace/pages/pages-dev-overlay-setup.js:76:21)\n[ERROR] ./src/app/security-engine/page.tsx\nError:   × Unterminated regexp literal\n      ╭─[/home/imran/Documents/saas/complience-saas/frontend/src/app/security-engine/page.tsx:2756:1]\n 2753 │           </motion.div>\n 2754 │         )}\n 2755 │       </div>\n 2756 │     </div>\n      ·      ─────\n 2757 │   );\n 2758 │ }\n      ╰────\n\nCaused by:\n    Syntax Error (at webpack-internal:///(pages-dir-browser)/./node_modules/next/dist/next-devtools/userspace/pages/pages-dev-overlay-setup.js:76:21)\n[ERROR] ./src/app/security-engine/page.tsx\nError:   × Unterminated regexp literal\n      ╭─[/home/imran/Documents/saas/complience-saas/frontend/src/app/security-engine/page.tsx:2756:1]\n 2753 │           </motion.div>\n 2754 │         )}\n 2755 │       </div>\n 2756 │     </div>\n      ·      ─────\n 2757 │   );\n 2758 │ }\n      ╰────\n\nCaused by:\n    Syntax Error (at webpack-internal:///(pages-dir-browser)/./node_modules/next/dist/next-devtools/userspace/pages/pages-dev-overlay-setup.js:76:21)\n[ERROR] ./src/app/security-engine/page.tsx\nError:   × Unterminated regexp literal\n      ╭─[/home/imran/Documents/saas/complience-saas/frontend/src/app/security-engine/page.tsx:2756:1]\n 2753 │           </motion.div>\n 2754 │         )}\n 2755 │       </div>\n 2756 │     </div>\n      ·      ─────\n 2757 │   );\n 2758 │ }\n      ╰────\n\nCaused by:\n    Syntax Error (at webpack-internal:///(pages-dir-browser)/./node_modules/next/dist/next-devtools/userspace/pages/pages-dev-overlay-setup.js:76:21)\n[ERROR] ./src/app/security-engine/page.tsx\nError:   × Unterminated regexp literal\n      ╭─[/home/imran/Documents/saas/complience-saas/frontend/src/app/security-engine/page.tsx:2756:1]\n 2753 │           </motion.div>\n 2754 │         )}\n 2755 │       </div>\n 2756 │     </div>\n      ·      ─────\n 2757 │   );\n 2758 │ }\n      ╰────\n\nCaused by:\n    Syntax Error (at webpack-internal:///(pages-dir-browser)/./node_modules/next/dist/next-devtools/userspace/pages/pages-dev-overlay-setup.js:76:21)\n[ERROR] ./src/app/security-engine/page.tsx\nError:   × Unterminated regexp literal\n      ╭─[/home/imran/Documents/saas/complience-saas/frontend/src/app/security-engine/page.tsx:2756:1]\n 2753 │           </motion.div>\n 2754 │         )}\n 2755 │       </div>\n 2756 │     </div>\n      ·      ─────\n 2757 │   );\n 2758 │ }\n      ╰────\n\nCaused by:\n    Syntax Error (at webpack-internal:///(pages-dir-browser)/./node_modules/next/dist/next-devtools/userspace/pages/pages-dev-overlay-setup.js:76:21)",
    "testType": "FRONTEND",
    "createFrom": "mcp",
    "testVisualization": "https://testsprite-videos.s3.us-east-1.amazonaws.com/343864c8-80f1-7021-8b28-be3604e79954/1756674816445808//tmp/test_task/result.webm",
    "created": "2025-08-31T21:08:41.508Z",
    "modified": "2025-08-31T21:13:36.599Z"
  },
  {
    "projectId": "906626c0-7b7a-43fd-9e58-1745a2c43608",
    "testId": "c3b2c697-7f42-4509-a0fe-b36d185ba620",
    "userId": "343864c8-80f1-7021-8b28-be3604e79954",
    "title": "TC011-Loading and Error Handling - UI States and Clerk.js Timeouts",
    "description": "Validate comprehensive UI loading states, error boundaries including 404 pages, global errors, authentication timeouts from Clerk.js, and user feedback mechanisms function correctly.",
    "code": "import asyncio\nfrom playwright import async_api\n\nasync def run_test():\n    pw = None\n    browser = None\n    context = None\n    \n    try:\n        # Start a Playwright session in asynchronous mode\n        pw = await async_api.async_playwright().start()\n        \n        # Launch a Chromium browser in headless mode with custom arguments\n        browser = await pw.chromium.launch(\n            headless=True,\n            args=[\n                \"--window-size=1280,720\",         # Set the browser window size\n                \"--disable-dev-shm-usage\",        # Avoid using /dev/shm which can cause issues in containers\n                \"--ipc=host\",                     # Use host-level IPC for better stability\n                \"--single-process\"                # Run the browser in a single process mode\n            ],\n        )\n        \n        # Create a new browser context (like an incognito window)\n        context = await browser.new_context()\n        context.set_default_timeout(5000)\n        \n        # Open a new page in the browser context\n        page = await context.new_page()\n        \n        # Navigate to your target URL and wait until the network request is committed\n        await page.goto(\"http://localhost:3000\", wait_until=\"commit\", timeout=10000)\n        \n        # Wait for the main page to reach DOMContentLoaded state (optional for stability)\n        try:\n            await page.wait_for_load_state(\"domcontentloaded\", timeout=3000)\n        except async_api.Error:\n            pass\n        \n        # Iterate through all iframes and wait for them to load as well\n        for frame in page.frames:\n            try:\n                await frame.wait_for_load_state(\"domcontentloaded\", timeout=3000)\n            except async_api.Error:\n                pass\n        \n        # Interact with the page elements to simulate user flow\n        # Trigger data loading in the Dashboard component by navigating to Dashboard or equivalent.\n        frame = context.pages[-1]\n        elem = frame.locator('xpath=html/body/main/section/div[3]/div/div[3]/button[2]').nth(0)\n        await page.wait_for_timeout(3000); await elem.click(timeout=5000)\n        \n\n        assert False, 'Test plan execution failed: generic failure assertion.'\n        await asyncio.sleep(5)\n    \n    finally:\n        if context:\n            await context.close()\n        if browser:\n            await browser.close()\n        if pw:\n            await pw.stop()\n            \nasyncio.run(run_test())\n    ",
    "testStatus": "FAILED",
    "testError": "Testing stopped due to navigation issue: 'Watch Demo' button leads to an unrelated external page, preventing further validation of UI loading states and error boundaries in the WebShield AI application.\nBrowser Console Logs:\n[WARNING] Clerk: Clerk has been loaded with development keys. Development instances have strict usage limits and should not be used when deploying your application to production. Learn more: https://clerk.com/docs/deployments/overview (at https://helping-dolphin-19.clerk.accounts.dev/npm/@clerk/clerk-js@5/dist/clerk.browser.js:15:1279)\n[WARNING] Clerk: The prop \"afterSignInUrl\" is deprecated and should be replaced with the new \"fallbackRedirectUrl\" or \"forceRedirectUrl\" props instead. Learn more: https://clerk.com/docs/guides/custom-redirects#redirect-url-props (at https://helping-dolphin-19.clerk.accounts.dev/npm/@clerk/clerk-js@5/dist/clerk.browser.js:15:1279)\n[ERROR] Failed to load resource: the server responded with a status of 400 () (at https://helping-dolphin-19.clerk.accounts.dev/v1/environment?__clerk_api_version=2025-04-10&_clerk_js_version=5.90.0&_method=PATCH&__clerk_db_jwt=dvb_324KkbZpLiAHA8QLpjMp1ELkPnl:0:0)\n[ERROR] ./src/app/security-engine/page.tsx\nError:   × Unterminated regexp literal\n      ╭─[/home/imran/Documents/saas/complience-saas/frontend/src/app/security-engine/page.tsx:2756:1]\n 2753 │           </motion.div>\n 2754 │         )}\n 2755 │       </div>\n 2756 │     </div>\n      ·      ─────\n 2757 │   );\n 2758 │ }\n      ╰────\n\nCaused by:\n    Syntax Error\n\nImport trace for requested module:\n./src/app/security-engine/page.tsx (at webpack-internal:///(app-pages-browser)/./node_modules/next/dist/next-devtools/userspace/app/errors/intercept-console-error.js:56:31)\n[ERROR] ./src/app/security-engine/page.tsx\nError:   × Unterminated regexp literal\n      ╭─[/home/imran/Documents/saas/complience-saas/frontend/src/app/security-engine/page.tsx:2756:1]\n 2753 │           </motion.div>\n 2754 │         )}\n 2755 │       </div>\n 2756 │     </div>\n      ·      ─────\n 2757 │   );\n 2758 │ }\n      ╰────\n\nCaused by:\n    Syntax Error\n\nImport trace for requested module:\n./src/app/security-engine/page.tsx (at webpack-internal:///(app-pages-browser)/./node_modules/next/dist/next-devtools/userspace/app/errors/intercept-console-error.js:56:31)\n[ERROR] ./src/app/security-engine/page.tsx\nError:   × Unterminated regexp literal\n      ╭─[/home/imran/Documents/saas/complience-saas/frontend/src/app/security-engine/page.tsx:2756:1]\n 2753 │           </motion.div>\n 2754 │         )}\n 2755 │       </div>\n 2756 │     </div>\n      ·      ─────\n 2757 │   );\n 2758 │ }\n      ╰────\n\nCaused by:\n    Syntax Error\n\nImport trace for requested module:\n./src/app/security-engine/page.tsx (at webpack-internal:///(app-pages-browser)/./node_modules/next/dist/next-devtools/userspace/app/errors/intercept-console-error.js:56:31)\n[ERROR] ./src/app/security-engine/page.tsx\nError:   × Unterminated regexp literal\n      ╭─[/home/imran/Documents/saas/complience-saas/frontend/src/app/security-engine/page.tsx:2756:1]\n 2753 │           </motion.div>\n 2754 │         )}\n 2755 │       </div>\n 2756 │     </div>\n      ·      ─────\n 2757 │   );\n 2758 │ }\n      ╰────\n\nCaused by:\n    Syntax Error\n\nImport trace for requested module:\n./src/app/security-engine/page.tsx (at webpack-internal:///(app-pages-browser)/./node_modules/next/dist/next-devtools/userspace/app/errors/intercept-console-error.js:56:31)\n[ERROR] ./src/app/security-engine/page.tsx\nError:   × Unterminated regexp literal\n      ╭─[/home/imran/Documents/saas/complience-saas/frontend/src/app/security-engine/page.tsx:2756:1]\n 2753 │           </motion.div>\n 2754 │         )}\n 2755 │       </div>\n 2756 │     </div>\n      ·      ─────\n 2757 │   );\n 2758 │ }\n      ╰────\n\nCaused by:\n    Syntax Error\n\nImport trace for requested module:\n./src/app/security-engine/page.tsx (at webpack-internal:///(app-pages-browser)/./node_modules/next/dist/next-devtools/userspace/app/errors/intercept-console-error.js:56:31)\n[ERROR] Failed to load resource: the server responded with a status of 500 (Internal Server Error) (at http://localhost:3000/_next/static/webpack/f69704a773206707.webpack.hot-update.json:0:0)\n[WARNING] [Fast Refresh] performing full reload\n\nFast Refresh will perform a full reload when you edit a file that's imported by modules outside of the React rendering tree.\nYou might have a file which exports a React component but also exports a value that is imported by a non-React component file.\nConsider migrating the non-React component export to a separate file and importing it into both files.\n\nIt is also possible the parent component of the component you edited is a class component, which disables Fast Refresh.\nFast Refresh requires at least one parent function component in your React tree. (at webpack-internal:///(app-pages-browser)/./node_modules/next/dist/client/dev/hot-reloader/app/hot-reloader-app.js:111:24)\n[ERROR] Failed to load resource: the server responded with a status of 500 (Internal Server Error) (at http://localhost:3000/?_rsc=fsnpp:0:0)\n[ERROR] Failed to load resource: the server responded with a status of 500 (Internal Server Error) (at http://localhost:3000/?_rsc=fsnpp:0:0)\n[ERROR] Failed to load resource: the server responded with a status of 500 (Internal Server Error) (at http://localhost:3000/:0:0)",
    "testType": "FRONTEND",
    "createFrom": "mcp",
    "testVisualization": "https://testsprite-videos.s3.us-east-1.amazonaws.com/343864c8-80f1-7021-8b28-be3604e79954/1756674777538667//tmp/test_task/result.webm",
    "created": "2025-08-31T21:08:41.514Z",
    "modified": "2025-08-31T21:12:57.672Z"
  },
  {
    "projectId": "906626c0-7b7a-43fd-9e58-1745a2c43608",
    "testId": "999f0e7c-83c4-446b-b91f-255bb9b2822e",
    "userId": "343864c8-80f1-7021-8b28-be3604e79954",
    "title": "TC012-Modal System - Reusability and Authentication Blocking Prevention",
    "description": "Verify all modals for project, scan, and website management are reusable, responsive, and do not cause authentication blocking or UI inconsistencies.",
    "code": "import asyncio\nfrom playwright import async_api\n\nasync def run_test():\n    pw = None\n    browser = None\n    context = None\n    \n    try:\n        # Start a Playwright session in asynchronous mode\n        pw = await async_api.async_playwright().start()\n        \n        # Launch a Chromium browser in headless mode with custom arguments\n        browser = await pw.chromium.launch(\n            headless=True,\n            args=[\n                \"--window-size=1280,720\",         # Set the browser window size\n                \"--disable-dev-shm-usage\",        # Avoid using /dev/shm which can cause issues in containers\n                \"--ipc=host\",                     # Use host-level IPC for better stability\n                \"--single-process\"                # Run the browser in a single process mode\n            ],\n        )\n        \n        # Create a new browser context (like an incognito window)\n        context = await browser.new_context()\n        context.set_default_timeout(5000)\n        \n        # Open a new page in the browser context\n        page = await context.new_page()\n        \n        # Navigate to your target URL and wait until the network request is committed\n        await page.goto(\"http://localhost:3000\", wait_until=\"commit\", timeout=10000)\n        \n        # Wait for the main page to reach DOMContentLoaded state (optional for stability)\n        try:\n            await page.wait_for_load_state(\"domcontentloaded\", timeout=3000)\n        except async_api.Error:\n            pass\n        \n        # Iterate through all iframes and wait for them to load as well\n        for frame in page.frames:\n            try:\n                await frame.wait_for_load_state(\"domcontentloaded\", timeout=3000)\n            except async_api.Error:\n                pass\n        \n        # Interact with the page elements to simulate user flow\n        # Try clicking 'Sign In' button again to open authentication modal or login page.\n        frame = context.pages[-1]\n        elem = frame.locator('xpath=html/body/main/header/div/div/div[2]/button').nth(0)\n        await page.wait_for_timeout(3000); await elem.click(timeout=5000)\n        \n\n        assert False, 'Test plan execution failed: generic failure assertion as expected result is unknown.'\n        await asyncio.sleep(5)\n    \n    finally:\n        if context:\n            await context.close()\n        if browser:\n            await browser.close()\n        if pw:\n            await pw.stop()\n            \nasyncio.run(run_test())\n    ",
    "testStatus": "FAILED",
    "testError": "Testing stopped due to inability to open authentication modal from 'Sign In' button. No modals could be tested. Please fix the authentication flow to proceed.\nBrowser Console Logs:\n[WARNING] Clerk: Clerk has been loaded with development keys. Development instances have strict usage limits and should not be used when deploying your application to production. Learn more: https://clerk.com/docs/deployments/overview (at https://helping-dolphin-19.clerk.accounts.dev/npm/@clerk/clerk-js@5/dist/clerk.browser.js:15:1279)\n[WARNING] Clerk: The prop \"afterSignInUrl\" is deprecated and should be replaced with the new \"fallbackRedirectUrl\" or \"forceRedirectUrl\" props instead. Learn more: https://clerk.com/docs/guides/custom-redirects#redirect-url-props (at https://helping-dolphin-19.clerk.accounts.dev/npm/@clerk/clerk-js@5/dist/clerk.browser.js:15:1279)\n[ERROR] Failed to load resource: the server responded with a status of 400 () (at https://helping-dolphin-19.clerk.accounts.dev/v1/environment?__clerk_api_version=2025-04-10&_clerk_js_version=5.90.0&_method=PATCH&__clerk_db_jwt=dvb_324KkaPaEHjskB7zF5LQAEZ64QY:0:0)\n[ERROR] ./src/app/security-engine/page.tsx\nError:   × Unterminated regexp literal\n      ╭─[/home/imran/Documents/saas/complience-saas/frontend/src/app/security-engine/page.tsx:2756:1]\n 2753 │           </motion.div>\n 2754 │         )}\n 2755 │       </div>\n 2756 │     </div>\n      ·      ─────\n 2757 │   );\n 2758 │ }\n      ╰────\n\nCaused by:\n    Syntax Error\n\nImport trace for requested module:\n./src/app/security-engine/page.tsx (at webpack-internal:///(app-pages-browser)/./node_modules/next/dist/next-devtools/userspace/app/errors/intercept-console-error.js:56:31)\n[ERROR] ./src/app/security-engine/page.tsx\nError:   × Unterminated regexp literal\n      ╭─[/home/imran/Documents/saas/complience-saas/frontend/src/app/security-engine/page.tsx:2756:1]\n 2753 │           </motion.div>\n 2754 │         )}\n 2755 │       </div>\n 2756 │     </div>\n      ·      ─────\n 2757 │   );\n 2758 │ }\n      ╰────\n\nCaused by:\n    Syntax Error\n\nImport trace for requested module:\n./src/app/security-engine/page.tsx (at webpack-internal:///(app-pages-browser)/./node_modules/next/dist/next-devtools/userspace/app/errors/intercept-console-error.js:56:31)\n[ERROR] ./src/app/security-engine/page.tsx\nError:   × Unterminated regexp literal\n      ╭─[/home/imran/Documents/saas/complience-saas/frontend/src/app/security-engine/page.tsx:2756:1]\n 2753 │           </motion.div>\n 2754 │         )}\n 2755 │       </div>\n 2756 │     </div>\n      ·      ─────\n 2757 │   );\n 2758 │ }\n      ╰────\n\nCaused by:\n    Syntax Error\n\nImport trace for requested module:\n./src/app/security-engine/page.tsx (at webpack-internal:///(app-pages-browser)/./node_modules/next/dist/next-devtools/userspace/app/errors/intercept-console-error.js:56:31)",
    "testType": "FRONTEND",
    "createFrom": "mcp",
    "testVisualization": "https://testsprite-videos.s3.us-east-1.amazonaws.com/343864c8-80f1-7021-8b28-be3604e79954/1756674825282741//tmp/test_task/result.webm",
    "created": "2025-08-31T21:08:41.521Z",
    "modified": "2025-08-31T21:13:45.510Z"
  },
  {
    "projectId": "906626c0-7b7a-43fd-9e58-1745a2c43608",
    "testId": "3516b15b-b0dc-46ba-92c9-c59b4edbb620",
    "userId": "343864c8-80f1-7021-8b28-be3604e79954",
    "title": "TC013-Notification System - Real-time Alerts and Authentication Security",
    "description": "Ensure the real-time notification system delivers user alerts promptly, displays them correctly, and enforces authentication to prevent unauthorized access.",
    "code": "import asyncio\nfrom playwright import async_api\n\nasync def run_test():\n    pw = None\n    browser = None\n    context = None\n    \n    try:\n        # Start a Playwright session in asynchronous mode\n        pw = await async_api.async_playwright().start()\n        \n        # Launch a Chromium browser in headless mode with custom arguments\n        browser = await pw.chromium.launch(\n            headless=True,\n            args=[\n                \"--window-size=1280,720\",         # Set the browser window size\n                \"--disable-dev-shm-usage\",        # Avoid using /dev/shm which can cause issues in containers\n                \"--ipc=host\",                     # Use host-level IPC for better stability\n                \"--single-process\"                # Run the browser in a single process mode\n            ],\n        )\n        \n        # Create a new browser context (like an incognito window)\n        context = await browser.new_context()\n        context.set_default_timeout(5000)\n        \n        # Open a new page in the browser context\n        page = await context.new_page()\n        \n        # Navigate to your target URL and wait until the network request is committed\n        await page.goto(\"http://localhost:3000\", wait_until=\"commit\", timeout=10000)\n        \n        # Wait for the main page to reach DOMContentLoaded state (optional for stability)\n        try:\n            await page.wait_for_load_state(\"domcontentloaded\", timeout=3000)\n        except async_api.Error:\n            pass\n        \n        # Iterate through all iframes and wait for them to load as well\n        for frame in page.frames:\n            try:\n                await frame.wait_for_load_state(\"domcontentloaded\", timeout=3000)\n            except async_api.Error:\n                pass\n        \n        # Interact with the page elements to simulate user flow\n        # Click on 'Sign In' button to proceed with login and trigger notifications.\n        frame = context.pages[-1]\n        elem = frame.locator('xpath=html/body/main/header/div/div/div[2]/button').nth(0)\n        await page.wait_for_timeout(3000); await elem.click(timeout=5000)\n        \n\n        assert False, 'Test failed: Expected result unknown, forcing failure.'\n        await asyncio.sleep(5)\n    \n    finally:\n        if context:\n            await context.close()\n        if browser:\n            await browser.close()\n        if pw:\n            await pw.stop()\n            \nasyncio.run(run_test())\n    ",
    "testStatus": "FAILED",
    "testError": "Testing stopped due to inability to access login page. The 'Sign In' button is unresponsive, preventing further testing of notification triggers and authentication enforcement. Please fix the login functionality to proceed.\nBrowser Console Logs:\n[WARNING] Clerk: Clerk has been loaded with development keys. Development instances have strict usage limits and should not be used when deploying your application to production. Learn more: https://clerk.com/docs/deployments/overview (at https://helping-dolphin-19.clerk.accounts.dev/npm/@clerk/clerk-js@5/dist/clerk.browser.js:15:1279)\n[WARNING] Clerk: The prop \"afterSignInUrl\" is deprecated and should be replaced with the new \"fallbackRedirectUrl\" or \"forceRedirectUrl\" props instead. Learn more: https://clerk.com/docs/guides/custom-redirects#redirect-url-props (at https://helping-dolphin-19.clerk.accounts.dev/npm/@clerk/clerk-js@5/dist/clerk.browser.js:15:1279)\n[ERROR] Failed to load resource: the server responded with a status of 400 () (at https://helping-dolphin-19.clerk.accounts.dev/v1/environment?__clerk_api_version=2025-04-10&_clerk_js_version=5.90.0&_method=PATCH&__clerk_db_jwt=dvb_324KkaClKEMPFKscrUP9xb1VYe2:0:0)\n[ERROR] ./src/app/security-engine/page.tsx\nError:   × Unterminated regexp literal\n      ╭─[/home/imran/Documents/saas/complience-saas/frontend/src/app/security-engine/page.tsx:2756:1]\n 2753 │           </motion.div>\n 2754 │         )}\n 2755 │       </div>\n 2756 │     </div>\n      ·      ─────\n 2757 │   );\n 2758 │ }\n      ╰────\n\nCaused by:\n    Syntax Error\n\nImport trace for requested module:\n./src/app/security-engine/page.tsx (at webpack-internal:///(app-pages-browser)/./node_modules/next/dist/next-devtools/userspace/app/errors/intercept-console-error.js:56:31)\n[ERROR] ./src/app/security-engine/page.tsx\nError:   × Unterminated regexp literal\n      ╭─[/home/imran/Documents/saas/complience-saas/frontend/src/app/security-engine/page.tsx:2756:1]\n 2753 │           </motion.div>\n 2754 │         )}\n 2755 │       </div>\n 2756 │     </div>\n      ·      ─────\n 2757 │   );\n 2758 │ }\n      ╰────\n\nCaused by:\n    Syntax Error\n\nImport trace for requested module:\n./src/app/security-engine/page.tsx (at webpack-internal:///(app-pages-browser)/./node_modules/next/dist/next-devtools/userspace/app/errors/intercept-console-error.js:56:31)",
    "testType": "FRONTEND",
    "createFrom": "mcp",
    "testVisualization": "https://testsprite-videos.s3.us-east-1.amazonaws.com/343864c8-80f1-7021-8b28-be3604e79954/1756674797052045//tmp/test_task/result.webm",
    "created": "2025-08-31T21:08:41.527Z",
    "modified": "2025-08-31T21:13:17.212Z"
  },
  {
    "projectId": "906626c0-7b7a-43fd-9e58-1745a2c43608",
    "testId": "732b72c2-0142-4767-87d8-9686f4b2d51b",
    "userId": "343864c8-80f1-7021-8b28-be3604e79954",
    "title": "TC014-Security Middleware - Content Security, Input Validation, and JWT Enforcement",
    "description": "Test the backend security middleware to ensure it enforces content security policies, CORS, robust input validation, and JWT authentication with proper error handling and no bypasses.",
    "code": "import asyncio\nfrom playwright import async_api\n\nasync def run_test():\n    pw = None\n    browser = None\n    context = None\n    \n    try:\n        # Start a Playwright session in asynchronous mode\n        pw = await async_api.async_playwright().start()\n        \n        # Launch a Chromium browser in headless mode with custom arguments\n        browser = await pw.chromium.launch(\n            headless=True,\n            args=[\n                \"--window-size=1280,720\",         # Set the browser window size\n                \"--disable-dev-shm-usage\",        # Avoid using /dev/shm which can cause issues in containers\n                \"--ipc=host\",                     # Use host-level IPC for better stability\n                \"--single-process\"                # Run the browser in a single process mode\n            ],\n        )\n        \n        # Create a new browser context (like an incognito window)\n        context = await browser.new_context()\n        context.set_default_timeout(5000)\n        \n        # Open a new page in the browser context\n        page = await context.new_page()\n        \n        # Navigate to your target URL and wait until the network request is committed\n        await page.goto(\"http://localhost:3000\", wait_until=\"commit\", timeout=10000)\n        \n        # Wait for the main page to reach DOMContentLoaded state (optional for stability)\n        try:\n            await page.wait_for_load_state(\"domcontentloaded\", timeout=3000)\n        except async_api.Error:\n            pass\n        \n        # Iterate through all iframes and wait for them to load as well\n        for frame in page.frames:\n            try:\n                await frame.wait_for_load_state(\"domcontentloaded\", timeout=3000)\n            except async_api.Error:\n                pass\n        \n        # Interact with the page elements to simulate user flow\n        assert False, 'Test plan execution failed: generic failure assertion.'\n        await asyncio.sleep(5)\n    \n    finally:\n        if context:\n            await context.close()\n        if browser:\n            await browser.close()\n        if pw:\n            await pw.stop()\n            \nasyncio.run(run_test())\n    ",
    "testStatus": "FAILED",
    "testError": "The backend security middleware testing could not be completed due to a frontend build error (Unterminated regexp literal) in the test page code. This error prevents loading the test interface and running the required API security tests. The issue has been reported. Please fix the code to enable further testing.\nBrowser Console Logs:\n[WARNING] Clerk: Clerk has been loaded with development keys. Development instances have strict usage limits and should not be used when deploying your application to production. Learn more: https://clerk.com/docs/deployments/overview (at https://helping-dolphin-19.clerk.accounts.dev/npm/@clerk/clerk-js@5/dist/clerk.browser.js:15:1279)\n[WARNING] Clerk: The prop \"afterSignInUrl\" is deprecated and should be replaced with the new \"fallbackRedirectUrl\" or \"forceRedirectUrl\" props instead. Learn more: https://clerk.com/docs/guides/custom-redirects#redirect-url-props (at https://helping-dolphin-19.clerk.accounts.dev/npm/@clerk/clerk-js@5/dist/clerk.browser.js:15:1279)\n[ERROR] Failed to load resource: the server responded with a status of 400 () (at https://helping-dolphin-19.clerk.accounts.dev/v1/environment?__clerk_api_version=2025-04-10&_clerk_js_version=5.90.0&_method=PATCH&__clerk_db_jwt=dvb_324KkW0N73BiOui1lKX0UeXQ8bV:0:0)\n[ERROR] ./src/app/security-engine/page.tsx\nError:   × Unterminated regexp literal\n      ╭─[/home/imran/Documents/saas/complience-saas/frontend/src/app/security-engine/page.tsx:2756:1]\n 2753 │           </motion.div>\n 2754 │         )}\n 2755 │       </div>\n 2756 │     </div>\n      ·      ─────\n 2757 │   );\n 2758 │ }\n      ╰────\n\nCaused by:\n    Syntax Error\n\nImport trace for requested module:\n./src/app/security-engine/page.tsx (at webpack-internal:///(app-pages-browser)/./node_modules/next/dist/next-devtools/userspace/app/errors/intercept-console-error.js:56:31)\n[ERROR] ./src/app/security-engine/page.tsx\nError:   × Unterminated regexp literal\n      ╭─[/home/imran/Documents/saas/complience-saas/frontend/src/app/security-engine/page.tsx:2756:1]\n 2753 │           </motion.div>\n 2754 │         )}\n 2755 │       </div>\n 2756 │     </div>\n      ·      ─────\n 2757 │   );\n 2758 │ }\n      ╰────\n\nCaused by:\n    Syntax Error\n\nImport trace for requested module:\n./src/app/security-engine/page.tsx (at webpack-internal:///(app-pages-browser)/./node_modules/next/dist/next-devtools/userspace/app/errors/intercept-console-error.js:56:31)\n[ERROR] ./src/app/security-engine/page.tsx\nError:   × Unterminated regexp literal\n      ╭─[/home/imran/Documents/saas/complience-saas/frontend/src/app/security-engine/page.tsx:2756:1]\n 2753 │           </motion.div>\n 2754 │         )}\n 2755 │       </div>\n 2756 │     </div>\n      ·      ─────\n 2757 │   );\n 2758 │ }\n      ╰────\n\nCaused by:\n    Syntax Error\n\nImport trace for requested module:\n./src/app/security-engine/page.tsx (at webpack-internal:///(app-pages-browser)/./node_modules/next/dist/next-devtools/userspace/app/errors/intercept-console-error.js:56:31)\n[ERROR] ./src/app/security-engine/page.tsx\nError:   × Unterminated regexp literal\n      ╭─[/home/imran/Documents/saas/complience-saas/frontend/src/app/security-engine/page.tsx:2756:1]\n 2753 │           </motion.div>\n 2754 │         )}\n 2755 │       </div>\n 2756 │     </div>\n      ·      ─────\n 2757 │   );\n 2758 │ }\n      ╰────\n\nCaused by:\n    Syntax Error\n\nImport trace for requested module:\n./src/app/security-engine/page.tsx (at webpack-internal:///(app-pages-browser)/./node_modules/next/dist/next-devtools/userspace/app/errors/intercept-console-error.js:56:31)\n[ERROR] ./src/app/security-engine/page.tsx\nError:   × Unterminated regexp literal\n      ╭─[/home/imran/Documents/saas/complience-saas/frontend/src/app/security-engine/page.tsx:2756:1]\n 2753 │           </motion.div>\n 2754 │         )}\n 2755 │       </div>\n 2756 │     </div>\n      ·      ─────\n 2757 │   );\n 2758 │ }\n      ╰────\n\nCaused by:\n    Syntax Error\n\nImport trace for requested module:\n./src/app/security-engine/page.tsx (at webpack-internal:///(app-pages-browser)/./node_modules/next/dist/next-devtools/userspace/app/errors/intercept-console-error.js:56:31)\n[ERROR] Failed to load resource: the server responded with a status of 500 (Internal Server Error) (at http://localhost:3000/_next/static/webpack/f69704a773206707.webpack.hot-update.json:0:0)\n[WARNING] [Fast Refresh] performing full reload\n\nFast Refresh will perform a full reload when you edit a file that's imported by modules outside of the React rendering tree.\nYou might have a file which exports a React component but also exports a value that is imported by a non-React component file.\nConsider migrating the non-React component export to a separate file and importing it into both files.\n\nIt is also possible the parent component of the component you edited is a class component, which disables Fast Refresh.\nFast Refresh requires at least one parent function component in your React tree. (at webpack-internal:///(app-pages-browser)/./node_modules/next/dist/client/dev/hot-reloader/app/hot-reloader-app.js:111:24)\n[ERROR] Failed to load resource: the server responded with a status of 500 (Internal Server Error) (at http://localhost:3000/api/test-input-validation:0:0)\n[ERROR] ./src/app/security-engine/page.tsx\nError:   × Unterminated regexp literal\n      ╭─[/home/imran/Documents/saas/complience-saas/frontend/src/app/security-engine/page.tsx:2756:1]\n 2753 │           </motion.div>\n 2754 │         )}\n 2755 │       </div>\n 2756 │     </div>\n      ·      ─────\n 2757 │   );\n 2758 │ }\n      ╰────\n\nCaused by:\n    Syntax Error (at webpack-internal:///(pages-dir-browser)/./node_modules/next/dist/next-devtools/userspace/pages/pages-dev-overlay-setup.js:76:21)\n[ERROR] ./src/app/security-engine/page.tsx\nError:   × Unterminated regexp literal\n      ╭─[/home/imran/Documents/saas/complience-saas/frontend/src/app/security-engine/page.tsx:2756:1]\n 2753 │           </motion.div>\n 2754 │         )}\n 2755 │       </div>\n 2756 │     </div>\n      ·      ─────\n 2757 │   );\n 2758 │ }\n      ╰────\n\nCaused by:\n    Syntax Error (at webpack-internal:///(pages-dir-browser)/./node_modules/next/dist/next-devtools/userspace/pages/pages-dev-overlay-setup.js:76:21)\n[ERROR] ./src/app/security-engine/page.tsx\nError:   × Unterminated regexp literal\n      ╭─[/home/imran/Documents/saas/complience-saas/frontend/src/app/security-engine/page.tsx:2756:1]\n 2753 │           </motion.div>\n 2754 │         )}\n 2755 │       </div>\n 2756 │     </div>\n      ·      ─────\n 2757 │   );\n 2758 │ }\n      ╰────\n\nCaused by:\n    Syntax Error (at webpack-internal:///(pages-dir-browser)/./node_modules/next/dist/next-devtools/userspace/pages/pages-dev-overlay-setup.js:76:21)\n[ERROR] ./src/app/security-engine/page.tsx\nError:   × Unterminated regexp literal\n      ╭─[/home/imran/Documents/saas/complience-saas/frontend/src/app/security-engine/page.tsx:2756:1]\n 2753 │           </motion.div>\n 2754 │         )}\n 2755 │       </div>\n 2756 │     </div>\n      ·      ─────\n 2757 │   );\n 2758 │ }\n      ╰────\n\nCaused by:\n    Syntax Error (at webpack-internal:///(pages-dir-browser)/./node_modules/next/dist/next-devtools/userspace/pages/pages-dev-overlay-setup.js:76:21)\n[ERROR] ./src/app/security-engine/page.tsx\nError:   × Unterminated regexp literal\n      ╭─[/home/imran/Documents/saas/complience-saas/frontend/src/app/security-engine/page.tsx:2756:1]\n 2753 │           </motion.div>\n 2754 │         )}\n 2755 │       </div>\n 2756 │     </div>\n      ·      ─────\n 2757 │   );\n 2758 │ }\n      ╰────\n\nCaused by:\n    Syntax Error (at webpack-internal:///(pages-dir-browser)/./node_modules/next/dist/next-devtools/userspace/pages/pages-dev-overlay-setup.js:76:21)\n[ERROR] ./src/app/security-engine/page.tsx\nError:   × Unterminated regexp literal\n      ╭─[/home/imran/Documents/saas/complience-saas/frontend/src/app/security-engine/page.tsx:2756:1]\n 2753 │           </motion.div>\n 2754 │         )}\n 2755 │       </div>\n 2756 │     </div>\n      ·      ─────\n 2757 │   );\n 2758 │ }\n      ╰────\n\nCaused by:\n    Syntax Error (at webpack-internal:///(pages-dir-browser)/./node_modules/next/dist/next-devtools/userspace/pages/pages-dev-overlay-setup.js:76:21)\n[ERROR] ./src/app/security-engine/page.tsx\nError:   × Unterminated regexp literal\n      ╭─[/home/imran/Documents/saas/complience-saas/frontend/src/app/security-engine/page.tsx:2756:1]\n 2753 │           </motion.div>\n 2754 │         )}\n 2755 │       </div>\n 2756 │     </div>\n      ·      ─────\n 2757 │   );\n 2758 │ }\n      ╰────\n\nCaused by:\n    Syntax Error (at webpack-internal:///(pages-dir-browser)/./node_modules/next/dist/next-devtools/userspace/pages/pages-dev-overlay-setup.js:76:21)\n[ERROR] ./src/app/security-engine/page.tsx\nError:   × Unterminated regexp literal\n      ╭─[/home/imran/Documents/saas/complience-saas/frontend/src/app/security-engine/page.tsx:2756:1]\n 2753 │           </motion.div>\n 2754 │         )}\n 2755 │       </div>\n 2756 │     </div>\n      ·      ─────\n 2757 │   );\n 2758 │ }\n      ╰────\n\nCaused by:\n    Syntax Error (at webpack-internal:///(pages-dir-browser)/./node_modules/next/dist/next-devtools/userspace/pages/pages-dev-overlay-setup.js:76:21)\n[ERROR] ./src/app/security-engine/page.tsx\nError:   × Unterminated regexp literal\n      ╭─[/home/imran/Documents/saas/complience-saas/frontend/src/app/security-engine/page.tsx:2756:1]\n 2753 │           </motion.div>\n 2754 │         )}\n 2755 │       </div>\n 2756 │     </div>\n      ·      ─────\n 2757 │   );\n 2758 │ }\n      ╰────\n\nCaused by:\n    Syntax Error (at webpack-internal:///(pages-dir-browser)/./node_modules/next/dist/next-devtools/userspace/pages/pages-dev-overlay-setup.js:76:21)",
    "testType": "FRONTEND",
    "createFrom": "mcp",
    "testVisualization": "https://testsprite-videos.s3.us-east-1.amazonaws.com/343864c8-80f1-7021-8b28-be3604e79954/1756674971608275//tmp/test_task/result.webm",
    "created": "2025-08-31T21:08:41.532Z",
    "modified": "2025-08-31T21:16:11.803Z"
  },
  {
    "projectId": "906626c0-7b7a-43fd-9e58-1745a2c43608",
    "testId": "e4c282c0-7d98-405c-b5fa-5b2a97cac1e1",
    "userId": "343864c8-80f1-7021-8b28-be3604e79954",
    "title": "TC015-Performance and Scalability Testing - Load Balancing, Caching, and Database Indexing",
    "description": "Assess the system's performance and scalability by simulating multiple concurrent users, ensuring caching mechanisms, load balancing, and database indexing handle the load without degradation.",
    "code": "import asyncio\nfrom playwright import async_api\n\nasync def run_test():\n    pw = None\n    browser = None\n    context = None\n    \n    try:\n        # Start a Playwright session in asynchronous mode\n        pw = await async_api.async_playwright().start()\n        \n        # Launch a Chromium browser in headless mode with custom arguments\n        browser = await pw.chromium.launch(\n            headless=True,\n            args=[\n                \"--window-size=1280,720\",         # Set the browser window size\n                \"--disable-dev-shm-usage\",        # Avoid using /dev/shm which can cause issues in containers\n                \"--ipc=host\",                     # Use host-level IPC for better stability\n                \"--single-process\"                # Run the browser in a single process mode\n            ],\n        )\n        \n        # Create a new browser context (like an incognito window)\n        context = await browser.new_context()\n        context.set_default_timeout(5000)\n        \n        # Open a new page in the browser context\n        page = await context.new_page()\n        \n        # Navigate to your target URL and wait until the network request is committed\n        await page.goto(\"http://localhost:3000\", wait_until=\"commit\", timeout=10000)\n        \n        # Wait for the main page to reach DOMContentLoaded state (optional for stability)\n        try:\n            await page.wait_for_load_state(\"domcontentloaded\", timeout=3000)\n        except async_api.Error:\n            pass\n        \n        # Iterate through all iframes and wait for them to load as well\n        for frame in page.frames:\n            try:\n                await frame.wait_for_load_state(\"domcontentloaded\", timeout=3000)\n            except async_api.Error:\n                pass\n        \n        # Interact with the page elements to simulate user flow\n        # Click on 'Sign In' to begin simulating concurrent user logins.\n        frame = context.pages[-1]\n        elem = frame.locator('xpath=html/body/main/section[3]/div[2]/div[2]/div[2]/div[2]/div[2]/button').nth(0)\n        await page.wait_for_timeout(3000); await elem.click(timeout=5000)\n        \n\n        # Click on the 'Sign In' button at index 4 to access the login page and start user simulation.\n        frame = context.pages[-1]\n        elem = frame.locator('xpath=html/body/main/header/div/div/div[2]/button').nth(0)\n        await page.wait_for_timeout(3000); await elem.click(timeout=5000)\n        \n\n        # Scroll down to find the login form or any other sign-in related elements to proceed with user login simulation.\n        await page.mouse.wheel(0, window.innerHeight)\n        \n\n        assert False, 'Test plan execution failed: generic failure assertion.'\n        await asyncio.sleep(5)\n    \n    finally:\n        if context:\n            await context.close()\n        if browser:\n            await browser.close()\n        if pw:\n            await pw.stop()\n            \nasyncio.run(run_test())\n    ",
    "testStatus": "FAILED",
    "testError": "Testing stopped due to critical build error preventing application load and UI interaction. Cannot proceed with performance and scalability tests until the error is resolved.\nBrowser Console Logs:\n[WARNING] Clerk: Clerk has been loaded with development keys. Development instances have strict usage limits and should not be used when deploying your application to production. Learn more: https://clerk.com/docs/deployments/overview (at https://helping-dolphin-19.clerk.accounts.dev/npm/@clerk/clerk-js@5/dist/clerk.browser.js:15:1279)\n[WARNING] Clerk: The prop \"afterSignInUrl\" is deprecated and should be replaced with the new \"fallbackRedirectUrl\" or \"forceRedirectUrl\" props instead. Learn more: https://clerk.com/docs/guides/custom-redirects#redirect-url-props (at https://helping-dolphin-19.clerk.accounts.dev/npm/@clerk/clerk-js@5/dist/clerk.browser.js:15:1279)\n[ERROR] Failed to load resource: the server responded with a status of 400 () (at https://helping-dolphin-19.clerk.accounts.dev/v1/environment?__clerk_api_version=2025-04-10&_clerk_js_version=5.90.0&_method=PATCH&__clerk_db_jwt=dvb_324KkXGTcWj7513gKpE9ItWhGcX:0:0)\n[ERROR] ./src/app/security-engine/page.tsx\nError:   × Unterminated regexp literal\n      ╭─[/home/imran/Documents/saas/complience-saas/frontend/src/app/security-engine/page.tsx:2756:1]\n 2753 │           </motion.div>\n 2754 │         )}\n 2755 │       </div>\n 2756 │     </div>\n      ·      ─────\n 2757 │   );\n 2758 │ }\n      ╰────\n\nCaused by:\n    Syntax Error\n\nImport trace for requested module:\n./src/app/security-engine/page.tsx (at webpack-internal:///(app-pages-browser)/./node_modules/next/dist/next-devtools/userspace/app/errors/intercept-console-error.js:56:31)\n[ERROR] ./src/app/security-engine/page.tsx\nError:   × Unterminated regexp literal\n      ╭─[/home/imran/Documents/saas/complience-saas/frontend/src/app/security-engine/page.tsx:2756:1]\n 2753 │           </motion.div>\n 2754 │         )}\n 2755 │       </div>\n 2756 │     </div>\n      ·      ─────\n 2757 │   );\n 2758 │ }\n      ╰────\n\nCaused by:\n    Syntax Error\n\nImport trace for requested module:\n./src/app/security-engine/page.tsx (at webpack-internal:///(app-pages-browser)/./node_modules/next/dist/next-devtools/userspace/app/errors/intercept-console-error.js:56:31)\n[ERROR] ./src/app/security-engine/page.tsx\nError:   × Unterminated regexp literal\n      ╭─[/home/imran/Documents/saas/complience-saas/frontend/src/app/security-engine/page.tsx:2756:1]\n 2753 │           </motion.div>\n 2754 │         )}\n 2755 │       </div>\n 2756 │     </div>\n      ·      ─────\n 2757 │   );\n 2758 │ }\n      ╰────\n\nCaused by:\n    Syntax Error\n\nImport trace for requested module:\n./src/app/security-engine/page.tsx (at webpack-internal:///(app-pages-browser)/./node_modules/next/dist/next-devtools/userspace/app/errors/intercept-console-error.js:56:31)\n[ERROR] ./src/app/security-engine/page.tsx\nError:   × Unterminated regexp literal\n      ╭─[/home/imran/Documents/saas/complience-saas/frontend/src/app/security-engine/page.tsx:2756:1]\n 2753 │           </motion.div>\n 2754 │         )}\n 2755 │       </div>\n 2756 │     </div>\n      ·      ─────\n 2757 │   );\n 2758 │ }\n      ╰────\n\nCaused by:\n    Syntax Error\n\nImport trace for requested module:\n./src/app/security-engine/page.tsx (at webpack-internal:///(app-pages-browser)/./node_modules/next/dist/next-devtools/userspace/app/errors/intercept-console-error.js:56:31)\n[ERROR] ./src/app/security-engine/page.tsx\nError:   × Unterminated regexp literal\n      ╭─[/home/imran/Documents/saas/complience-saas/frontend/src/app/security-engine/page.tsx:2756:1]\n 2753 │           </motion.div>\n 2754 │         )}\n 2755 │       </div>\n 2756 │     </div>\n      ·      ─────\n 2757 │   );\n 2758 │ }\n      ╰────\n\nCaused by:\n    Syntax Error\n\nImport trace for requested module:\n./src/app/security-engine/page.tsx (at webpack-internal:///(app-pages-browser)/./node_modules/next/dist/next-devtools/userspace/app/errors/intercept-console-error.js:56:31)\n[ERROR] Failed to load resource: the server responded with a status of 500 (Internal Server Error) (at http://localhost:3000/_next/static/webpack/f69704a773206707.webpack.hot-update.json:0:0)\n[WARNING] [Fast Refresh] performing full reload\n\nFast Refresh will perform a full reload when you edit a file that's imported by modules outside of the React rendering tree.\nYou might have a file which exports a React component but also exports a value that is imported by a non-React component file.\nConsider migrating the non-React component export to a separate file and importing it into both files.\n\nIt is also possible the parent component of the component you edited is a class component, which disables Fast Refresh.\nFast Refresh requires at least one parent function component in your React tree. (at webpack-internal:///(app-pages-browser)/./node_modules/next/dist/client/dev/hot-reloader/app/hot-reloader-app.js:111:24)\n[ERROR] Failed to load resource: the server responded with a status of 500 (Internal Server Error) (at http://localhost:3000/sign-in?_rsc=vusbg:0:0)\n[ERROR] Failed to load resource: the server responded with a status of 500 (Internal Server Error) (at http://localhost:3000/donation?_rsc=vusbg:0:0)\n[ERROR] Failed to load resource: the server responded with a status of 500 (Internal Server Error) (at http://localhost:3000/:0:0)\n[ERROR] ./src/app/security-engine/page.tsx\nError:   × Unterminated regexp literal\n      ╭─[/home/imran/Documents/saas/complience-saas/frontend/src/app/security-engine/page.tsx:2756:1]\n 2753 │           </motion.div>\n 2754 │         )}\n 2755 │       </div>\n 2756 │     </div>\n      ·      ─────\n 2757 │   );\n 2758 │ }\n      ╰────\n\nCaused by:\n    Syntax Error (at webpack-internal:///(pages-dir-browser)/./node_modules/next/dist/next-devtools/userspace/pages/pages-dev-overlay-setup.js:76:21)\n[ERROR] ./src/app/security-engine/page.tsx\nError:   × Unterminated regexp literal\n      ╭─[/home/imran/Documents/saas/complience-saas/frontend/src/app/security-engine/page.tsx:2756:1]\n 2753 │           </motion.div>\n 2754 │         )}\n 2755 │       </div>\n 2756 │     </div>\n      ·      ─────\n 2757 │   );\n 2758 │ }\n      ╰────\n\nCaused by:\n    Syntax Error (at webpack-internal:///(pages-dir-browser)/./node_modules/next/dist/next-devtools/userspace/pages/pages-dev-overlay-setup.js:76:21)\n[ERROR] ./src/app/security-engine/page.tsx\nError:   × Unterminated regexp literal\n      ╭─[/home/imran/Documents/saas/complience-saas/frontend/src/app/security-engine/page.tsx:2756:1]\n 2753 │           </motion.div>\n 2754 │         )}\n 2755 │       </div>\n 2756 │     </div>\n      ·      ─────\n 2757 │   );\n 2758 │ }\n      ╰────\n\nCaused by:\n    Syntax Error (at webpack-internal:///(pages-dir-browser)/./node_modules/next/dist/next-devtools/userspace/pages/pages-dev-overlay-setup.js:76:21)\n[ERROR] ./src/app/security-engine/page.tsx\nError:   × Unterminated regexp literal\n      ╭─[/home/imran/Documents/saas/complience-saas/frontend/src/app/security-engine/page.tsx:2756:1]\n 2753 │           </motion.div>\n 2754 │         )}\n 2755 │       </div>\n 2756 │     </div>\n      ·      ─────\n 2757 │   );\n 2758 │ }\n      ╰────\n\nCaused by:\n    Syntax Error (at webpack-internal:///(pages-dir-browser)/./node_modules/next/dist/next-devtools/userspace/pages/pages-dev-overlay-setup.js:76:21)\n[ERROR] ./src/app/security-engine/page.tsx\nError:   × Unterminated regexp literal\n      ╭─[/home/imran/Documents/saas/complience-saas/frontend/src/app/security-engine/page.tsx:2756:1]\n 2753 │           </motion.div>\n 2754 │         )}\n 2755 │       </div>\n 2756 │     </div>\n      ·      ─────\n 2757 │   );\n 2758 │ }\n      ╰────\n\nCaused by:\n    Syntax Error (at webpack-internal:///(pages-dir-browser)/./node_modules/next/dist/next-devtools/userspace/pages/pages-dev-overlay-setup.js:76:21)\n[ERROR] ./src/app/security-engine/page.tsx\nError:   × Unterminated regexp literal\n      ╭─[/home/imran/Documents/saas/complience-saas/frontend/src/app/security-engine/page.tsx:2756:1]\n 2753 │           </motion.div>\n 2754 │         )}\n 2755 │       </div>\n 2756 │     </div>\n      ·      ─────\n 2757 │   );\n 2758 │ }\n      ╰────\n\nCaused by:\n    Syntax Error (at webpack-internal:///(pages-dir-browser)/./node_modules/next/dist/next-devtools/userspace/pages/pages-dev-overlay-setup.js:76:21)",
    "testType": "FRONTEND",
    "createFrom": "mcp",
    "testVisualization": "https://testsprite-videos.s3.us-east-1.amazonaws.com/343864c8-80f1-7021-8b28-be3604e79954/1756674838654453//tmp/test_task/result.webm",
    "created": "2025-08-31T21:08:41.537Z",
    "modified": "2025-08-31T21:13:58.836Z"
  }
]
